This file contains any messages produced by compilers while
running configure, to aid debugging if configure makes a mistake.

It was created by jpcre2 configure 10.28.03, which was
generated by GNU Autoconf 2.69.  Invocation command line was

  $ ./configure --prefix=/usr/home/hashi101/node_modules/pcre2/deps/jpcre2/release/ --no-create --no-recursion

## --------- ##
## Platform. ##
## --------- ##

hostname = s6.mydevil.net
uname -m = amd64
uname -r = 10.3-STABLE
uname -s = FreeBSD
uname -v = FreeBSD 10.3-STABLE #11: Thu Sep  1 13:59:49 UTC 2016     root@pkg.admin.net.pl:/usr/obj/usr/src/sys/devil 

/usr/bin/uname -p = amd64
/bin/uname -X     = unknown

/bin/arch              = unknown
/usr/bin/arch -k       = unknown
/usr/convex/getsysinfo = unknown
/usr/bin/hostinfo      = unknown
/bin/machine           = unknown
/usr/bin/oslevel       = unknown
/bin/universe          = unknown

PATH: /usr/home/hashi101/.nvm/versions/node/v6.9.1/lib/node_modules/npm/bin/node-gyp-bin
PATH: /usr/home/hashi101/node_modules/pcre2/node_modules/.bin
PATH: /usr/home/hashi101/node_modules/.bin
PATH: /usr/home/hashi101/.nvm/versions/node/v6.9.1/bin
PATH: /home/hashi101/.nvm/versions/node/v6.9.1/bin
PATH: /usr/local/devil/bin
PATH: /sbin
PATH: /bin
PATH: /usr/sbin
PATH: /usr/bin
PATH: /usr/games
PATH: /usr/local/sbin
PATH: /usr/local/bin
PATH: /usr/X11R6/bin
PATH: /home/hashi101/bin


## ----------- ##
## Core tests. ##
## ----------- ##

configure:2608: checking for a BSD-compatible install
configure:2676: result: /usr/bin/install -c
configure:2687: checking whether build environment is sane
configure:2742: result: yes
configure:2893: checking for a thread-safe mkdir -p
configure:2932: result: /usr/local/bin/gmkdir -p
configure:2939: checking for gawk
configure:2969: result: no
configure:2939: checking for mawk
configure:2969: result: no
configure:2939: checking for nawk
configure:2955: found /usr/bin/nawk
configure:2966: result: nawk
configure:2977: checking whether make sets $(MAKE)
configure:2999: result: yes
configure:3028: checking whether make supports nested variables
configure:3045: result: yes
configure:3184: checking for style of include used by make
configure:3212: result: GNU
configure:3283: checking for gcc
configure:3299: found /usr/local/bin/gcc
configure:3310: result: gcc
configure:3539: checking for C compiler version
configure:3548: gcc --version >&5
gcc (FreeBSD Ports Collection) 4.8.5
Copyright (C) 2015 Free Software Foundation, Inc.
This is free software; see the source for copying conditions.  There is NO
warranty; not even for MERCHANTABILITY or FITNESS FOR A PARTICULAR PURPOSE.

configure:3559: $? = 0
configure:3548: gcc -v >&5
Using built-in specs.
COLLECT_GCC=gcc
COLLECT_LTO_WRAPPER=/usr/local/libexec/gcc48/gcc/x86_64-portbld-freebsd10.3/4.8.5/lto-wrapper
Target: x86_64-portbld-freebsd10.3
Configured with: /wrkdirs/usr/ports/lang/gcc/work/gcc-4.8.5/configure --disable-bootstrap --disable-nls --enable-gnu-indirect-function --libdir=/usr/local/lib/gcc48 --libexecdir=/usr/local/libexec/gcc48 --program-suffix=48 --with-as=/usr/local/bin/as --with-gmp=/usr/local --with-gxx-include-dir=/usr/local/lib/gcc48/include/c++/ --with-ld=/usr/local/bin/ld --with-pkgversion='FreeBSD Ports Collection' --with-system-zlib --with-ecj-jar=/usr/local/share/java/ecj-4.5.jar --enable-languages=c,c++,objc,fortran,java --prefix=/usr/local --localstatedir=/var --mandir=/usr/local/man --infodir=/usr/local/info/gcc48 --build=x86_64-portbld-freebsd10.3
Thread model: posix
gcc version 4.8.5 (FreeBSD Ports Collection) 
configure:3559: $? = 0
configure:3548: gcc -V >&5
gcc: error: unrecognized command line option '-V'
gcc: fatal error: no input files
compilation terminated.
configure:3559: $? = 1
configure:3548: gcc -qversion >&5
gcc: error: unrecognized command line option '-qversion'
gcc: fatal error: no input files
compilation terminated.
configure:3559: $? = 1
configure:3579: checking whether the C compiler works
configure:3601: gcc    conftest.c  >&5
configure:3605: $? = 0
configure:3653: result: yes
configure:3656: checking for C compiler default output file name
configure:3658: result: a.out
configure:3664: checking for suffix of executables
configure:3671: gcc -o conftest    conftest.c  >&5
configure:3675: $? = 0
configure:3697: result: 
configure:3719: checking whether we are cross compiling
configure:3727: gcc -o conftest    conftest.c  >&5
configure:3731: $? = 0
configure:3738: ./conftest
configure:3742: $? = 0
configure:3757: result: no
configure:3762: checking for suffix of object files
configure:3784: gcc -c   conftest.c >&5
configure:3788: $? = 0
configure:3809: result: o
configure:3813: checking whether we are using the GNU C compiler
configure:3832: gcc -c   conftest.c >&5
configure:3832: $? = 0
configure:3841: result: yes
configure:3850: checking whether gcc accepts -g
configure:3870: gcc -c -g  conftest.c >&5
configure:3870: $? = 0
configure:3911: result: yes
configure:3928: checking for gcc option to accept ISO C89
configure:3991: gcc  -c -g -O2  conftest.c >&5
configure:3991: $? = 0
configure:4004: result: none needed
configure:4029: checking whether gcc understands -c and -o together
configure:4051: gcc -c conftest.c -o conftest2.o
configure:4054: $? = 0
configure:4051: gcc -c conftest.c -o conftest2.o
configure:4054: $? = 0
configure:4066: result: yes
configure:4085: checking dependency style of gcc
configure:4196: result: gcc3
configure:4217: checking how to run the C preprocessor
configure:4248: gcc -E  conftest.c
configure:4248: $? = 0
configure:4262: gcc -E  conftest.c
conftest.c:11:28: fatal error: ac_nonexistent.h: No such file or directory
 #include <ac_nonexistent.h>
                            ^
compilation terminated.
configure:4262: $? = 1
configure: failed program was:
| /* confdefs.h */
| #define PACKAGE_NAME "jpcre2"
| #define PACKAGE_TARNAME "jpcre2"
| #define PACKAGE_VERSION "10.28.03"
| #define PACKAGE_STRING "jpcre2 10.28.03"
| #define PACKAGE_BUGREPORT "https://github.com/jpcre2/jpcre2/issues"
| #define PACKAGE_URL ""
| #define PACKAGE "jpcre2"
| #define VERSION "10.28.03"
| /* end confdefs.h.  */
| #include <ac_nonexistent.h>
configure:4287: result: gcc -E
configure:4307: gcc -E  conftest.c
configure:4307: $? = 0
configure:4321: gcc -E  conftest.c
conftest.c:11:28: fatal error: ac_nonexistent.h: No such file or directory
 #include <ac_nonexistent.h>
                            ^
compilation terminated.
configure:4321: $? = 1
configure: failed program was:
| /* confdefs.h */
| #define PACKAGE_NAME "jpcre2"
| #define PACKAGE_TARNAME "jpcre2"
| #define PACKAGE_VERSION "10.28.03"
| #define PACKAGE_STRING "jpcre2 10.28.03"
| #define PACKAGE_BUGREPORT "https://github.com/jpcre2/jpcre2/issues"
| #define PACKAGE_URL ""
| #define PACKAGE "jpcre2"
| #define VERSION "10.28.03"
| /* end confdefs.h.  */
| #include <ac_nonexistent.h>
configure:4350: checking for grep that handles long lines and -e
configure:4408: result: /usr/bin/grep
configure:4413: checking for egrep
configure:4475: result: /usr/bin/grep -E
configure:4480: checking for ANSI C header files
configure:4500: gcc -c -g -O2  conftest.c >&5
configure:4500: $? = 0
configure:4573: gcc -o conftest -g -O2   conftest.c  >&5
configure:4573: $? = 0
configure:4573: ./conftest
configure:4573: $? = 0
configure:4584: result: yes
configure:4597: checking for sys/types.h
configure:4597: gcc -c -g -O2  conftest.c >&5
configure:4597: $? = 0
configure:4597: result: yes
configure:4597: checking for sys/stat.h
configure:4597: gcc -c -g -O2  conftest.c >&5
configure:4597: $? = 0
configure:4597: result: yes
configure:4597: checking for stdlib.h
configure:4597: gcc -c -g -O2  conftest.c >&5
configure:4597: $? = 0
configure:4597: result: yes
configure:4597: checking for string.h
configure:4597: gcc -c -g -O2  conftest.c >&5
configure:4597: $? = 0
configure:4597: result: yes
configure:4597: checking for memory.h
configure:4597: gcc -c -g -O2  conftest.c >&5
configure:4597: $? = 0
configure:4597: result: yes
configure:4597: checking for strings.h
configure:4597: gcc -c -g -O2  conftest.c >&5
configure:4597: $? = 0
configure:4597: result: yes
configure:4597: checking for inttypes.h
configure:4597: gcc -c -g -O2  conftest.c >&5
configure:4597: $? = 0
configure:4597: result: yes
configure:4597: checking for stdint.h
configure:4597: gcc -c -g -O2  conftest.c >&5
configure:4597: $? = 0
configure:4597: result: yes
configure:4597: checking for unistd.h
configure:4597: gcc -c -g -O2  conftest.c >&5
configure:4597: $? = 0
configure:4597: result: yes
configure:4609: checking for int64_t
configure:4609: gcc -c -g -O2  conftest.c >&5
configure:4609: $? = 0
configure:4609: gcc -c -g -O2  conftest.c >&5
conftest.c: In function 'main':
conftest.c:59:53: warning: integer overflow in expression [-Woverflow]
    < (int64_t) (((((int64_t) 1 << N) << N) - 1) * 2 + 2))];
                                                     ^
conftest.c:58:12: error: storage size of 'test_array' isn't constant
 static int test_array [1 - 2 * !((int64_t) (((((int64_t) 1 << N) << N) - 1) * 2 + 1)
            ^
configure:4609: $? = 1
configure: failed program was:
| /* confdefs.h */
| #define PACKAGE_NAME "jpcre2"
| #define PACKAGE_TARNAME "jpcre2"
| #define PACKAGE_VERSION "10.28.03"
| #define PACKAGE_STRING "jpcre2 10.28.03"
| #define PACKAGE_BUGREPORT "https://github.com/jpcre2/jpcre2/issues"
| #define PACKAGE_URL ""
| #define PACKAGE "jpcre2"
| #define VERSION "10.28.03"
| #define STDC_HEADERS 1
| #define HAVE_SYS_TYPES_H 1
| #define HAVE_SYS_STAT_H 1
| #define HAVE_STDLIB_H 1
| #define HAVE_STRING_H 1
| #define HAVE_MEMORY_H 1
| #define HAVE_STRINGS_H 1
| #define HAVE_INTTYPES_H 1
| #define HAVE_STDINT_H 1
| #define HAVE_UNISTD_H 1
| /* end confdefs.h.  */
| #include <stdio.h>
| #ifdef HAVE_SYS_TYPES_H
| # include <sys/types.h>
| #endif
| #ifdef HAVE_SYS_STAT_H
| # include <sys/stat.h>
| #endif
| #ifdef STDC_HEADERS
| # include <stdlib.h>
| # include <stddef.h>
| #else
| # ifdef HAVE_STDLIB_H
| #  include <stdlib.h>
| # endif
| #endif
| #ifdef HAVE_STRING_H
| # if !defined STDC_HEADERS && defined HAVE_MEMORY_H
| #  include <memory.h>
| # endif
| # include <string.h>
| #endif
| #ifdef HAVE_STRINGS_H
| # include <strings.h>
| #endif
| #ifdef HAVE_INTTYPES_H
| # include <inttypes.h>
| #endif
| #ifdef HAVE_STDINT_H
| # include <stdint.h>
| #endif
| #ifdef HAVE_UNISTD_H
| # include <unistd.h>
| #endif
| 	        enum { N = 64 / 2 - 1 };
| int
| main ()
| {
| static int test_array [1 - 2 * !((int64_t) (((((int64_t) 1 << N) << N) - 1) * 2 + 1)
| 		 < (int64_t) (((((int64_t) 1 << N) << N) - 1) * 2 + 2))];
| test_array [0] = 0;
| return test_array [0];
| 
|   ;
|   return 0;
| }
configure:4609: result: yes
configure:4656: checking build system type
configure:4670: result: x86_64-unknown-freebsd10.3
configure:4690: checking host system type
configure:4703: result: x86_64-unknown-freebsd10.3
configure:4744: checking how to print strings
configure:4771: result: printf
configure:4792: checking for a sed that does not truncate output
configure:4856: result: /usr/bin/sed
configure:4874: checking for fgrep
configure:4936: result: /usr/bin/grep -F
configure:4971: checking for ld used by gcc
configure:5038: result: /usr/local/bin/ld
configure:5045: checking if the linker (/usr/local/bin/ld) is GNU ld
configure:5060: result: yes
configure:5072: checking for BSD- or MS-compatible name lister (nm)
configure:5126: result: /usr/bin/nm -B
configure:5256: checking the name lister (/usr/bin/nm -B) interface
configure:5263: gcc -c -g -O2  conftest.c >&5
configure:5266: /usr/bin/nm -B "conftest.o"
configure:5269: output
0000000000000000 B some_variable
configure:5276: result: BSD nm
configure:5279: checking whether ln -s works
configure:5283: result: yes
configure:5291: checking the maximum length of command line arguments
configure:5422: result: 196608
configure:5470: checking how to convert x86_64-unknown-freebsd10.3 file names to x86_64-unknown-freebsd10.3 format
configure:5510: result: func_convert_file_noop
configure:5517: checking how to convert x86_64-unknown-freebsd10.3 file names to toolchain format
configure:5537: result: func_convert_file_noop
configure:5544: checking for /usr/local/bin/ld option to reload object files
configure:5551: result: -r
configure:5625: checking for objdump
configure:5641: found /usr/bin/objdump
configure:5652: result: objdump
configure:5684: checking how to recognize dependent libraries
configure:5884: result: pass_all
configure:5969: checking for dlltool
configure:5999: result: no
configure:6029: checking how to associate runtime and link libraries
configure:6056: result: printf %s\n
configure:6116: checking for ar
configure:6132: found /usr/bin/ar
configure:6143: result: ar
configure:6180: checking for archiver @FILE support
configure:6197: gcc -c -g -O2  conftest.c >&5
configure:6197: $? = 0
configure:6200: ar cru libconftest.a @conftest.lst >&5
ar: warning: can't open file: @conftest.lst: No such file or directory
configure:6203: $? = 0
configure:6208: ar cru libconftest.a @conftest.lst >&5
ar: warning: can't open file: @conftest.lst: No such file or directory
configure:6211: $? = 0
configure:6223: result: no
configure:6281: checking for strip
configure:6297: found /usr/bin/strip
configure:6308: result: strip
configure:6380: checking for ranlib
configure:6396: found /usr/bin/ranlib
configure:6407: result: ranlib
configure:6509: checking command to parse /usr/bin/nm -B output from gcc object
configure:6662: gcc -c -g -O2  conftest.c >&5
configure:6665: $? = 0
configure:6669: /usr/bin/nm -B conftest.o \| sed -n -e 's/^.*[ ]\([ABCDGIRSTW][ABCDGIRSTW]*\)[ ][ ]*\([_A-Za-z][_A-Za-z0-9]*\)$/\1 \2 \2/p' | sed '/ __gnu_lto/d' \> conftest.nm
configure:6672: $? = 0
configure:6738: gcc -o conftest -g -O2   conftest.c conftstm.o >&5
configure:6741: $? = 0
configure:6779: result: ok
configure:6826: checking for sysroot
configure:6856: result: no
configure:6863: checking for a working dd
configure:6901: result: /bin/dd
configure:6905: checking how to truncate binary pipes
configure:6920: result: /bin/dd bs=4096 count=1
configure:7249: checking for mt
configure:7265: found /usr/bin/mt
configure:7276: result: mt
configure:7299: checking if mt is a manifest tool
configure:7305: mt '-?'
mt: illegal option -- ?
usage: mt [-f device] command [count]
configure:7313: result: no
configure:7987: checking for dlfcn.h
configure:7987: gcc -c -g -O2  conftest.c >&5
configure:7987: $? = 0
configure:7987: result: yes
configure:8242: checking for objdir
configure:8257: result: .libs
configure:8521: checking if gcc supports -fno-rtti -fno-exceptions
configure:8539: gcc -c -g -O2  -fno-rtti -fno-exceptions conftest.c >&5
cc1: warning: command line option '-fno-rtti' is valid for C++/ObjC++ but not for C [enabled by default]
configure:8543: $? = 0
configure:8556: result: no
configure:8914: checking for gcc option to produce PIC
configure:8921: result: -fPIC -DPIC
configure:8929: checking if gcc PIC flag -fPIC -DPIC works
configure:8947: gcc -c -g -O2  -fPIC -DPIC -DPIC conftest.c >&5
configure:8951: $? = 0
configure:8964: result: yes
configure:8993: checking if gcc static flag -static works
configure:9021: result: yes
configure:9036: checking if gcc supports -c -o file.o
configure:9057: gcc -c -g -O2  -o out/conftest2.o conftest.c >&5
configure:9061: $? = 0
configure:9083: result: yes
configure:9091: checking if gcc supports -c -o file.o
configure:9138: result: yes
configure:9171: checking whether the gcc linker (/usr/local/bin/ld) supports shared libraries
configure:10434: result: yes
configure:10471: checking whether -lc should be explicitly linked in
configure:10479: gcc -c -g -O2  conftest.c >&5
configure:10482: $? = 0
configure:10497: gcc -shared  -fPIC -DPIC conftest.o  -v -Wl,-soname -Wl,conftest -o conftest 2\>\&1 \| /usr/bin/grep  -lc  \>/dev/null 2\>\&1
configure:10500: $? = 0
configure:10514: result: no
configure:10674: checking dynamic linker characteristics
configure:11504: result: freebsd10.3 ld.so
configure:11626: checking how to hardcode library paths into programs
configure:11651: result: immediate
configure:12199: checking whether stripping libraries is possible
configure:12204: result: yes
configure:12239: checking if libtool supports shared libraries
configure:12241: result: yes
configure:12244: checking whether to build shared libraries
configure:12269: result: yes
configure:12272: checking whether to build static libraries
configure:12276: result: yes
configure:12372: checking for g++
configure:12388: found /usr/local/bin/g++
configure:12399: result: g++
configure:12426: checking for C++ compiler version
configure:12435: g++ --version >&5
g++ (FreeBSD Ports Collection) 4.8.5
Copyright (C) 2015 Free Software Foundation, Inc.
This is free software; see the source for copying conditions.  There is NO
warranty; not even for MERCHANTABILITY or FITNESS FOR A PARTICULAR PURPOSE.

configure:12446: $? = 0
configure:12435: g++ -v >&5
Using built-in specs.
COLLECT_GCC=g++
COLLECT_LTO_WRAPPER=/usr/local/libexec/gcc48/gcc/x86_64-portbld-freebsd10.3/4.8.5/lto-wrapper
Target: x86_64-portbld-freebsd10.3
Configured with: /wrkdirs/usr/ports/lang/gcc/work/gcc-4.8.5/configure --disable-bootstrap --disable-nls --enable-gnu-indirect-function --libdir=/usr/local/lib/gcc48 --libexecdir=/usr/local/libexec/gcc48 --program-suffix=48 --with-as=/usr/local/bin/as --with-gmp=/usr/local --with-gxx-include-dir=/usr/local/lib/gcc48/include/c++/ --with-ld=/usr/local/bin/ld --with-pkgversion='FreeBSD Ports Collection' --with-system-zlib --with-ecj-jar=/usr/local/share/java/ecj-4.5.jar --enable-languages=c,c++,objc,fortran,java --prefix=/usr/local --localstatedir=/var --mandir=/usr/local/man --infodir=/usr/local/info/gcc48 --build=x86_64-portbld-freebsd10.3
Thread model: posix
gcc version 4.8.5 (FreeBSD Ports Collection) 
configure:12446: $? = 0
configure:12435: g++ -V >&5
g++: error: unrecognized command line option '-V'
g++: fatal error: no input files
compilation terminated.
configure:12446: $? = 1
configure:12435: g++ -qversion >&5
g++: error: unrecognized command line option '-qversion'
g++: fatal error: no input files
compilation terminated.
configure:12446: $? = 1
configure:12450: checking whether we are using the GNU C++ compiler
configure:12469: g++ -c   conftest.cpp >&5
configure:12469: $? = 0
configure:12478: result: yes
configure:12487: checking whether g++ accepts -g
configure:12507: g++ -c -g  conftest.cpp >&5
configure:12507: $? = 0
configure:12548: result: yes
configure:12573: checking dependency style of g++
configure:12684: result: gcc3
configure:12717: checking how to run the C++ preprocessor
configure:12744: g++ -E  conftest.cpp
configure:12744: $? = 0
configure:12758: g++ -E  conftest.cpp
conftest.cpp:23:28: fatal error: ac_nonexistent.h: No such file or directory
 #include <ac_nonexistent.h>
                            ^
compilation terminated.
configure:12758: $? = 1
configure: failed program was:
| /* confdefs.h */
| #define PACKAGE_NAME "jpcre2"
| #define PACKAGE_TARNAME "jpcre2"
| #define PACKAGE_VERSION "10.28.03"
| #define PACKAGE_STRING "jpcre2 10.28.03"
| #define PACKAGE_BUGREPORT "https://github.com/jpcre2/jpcre2/issues"
| #define PACKAGE_URL ""
| #define PACKAGE "jpcre2"
| #define VERSION "10.28.03"
| #define STDC_HEADERS 1
| #define HAVE_SYS_TYPES_H 1
| #define HAVE_SYS_STAT_H 1
| #define HAVE_STDLIB_H 1
| #define HAVE_STRING_H 1
| #define HAVE_MEMORY_H 1
| #define HAVE_STRINGS_H 1
| #define HAVE_INTTYPES_H 1
| #define HAVE_STDINT_H 1
| #define HAVE_UNISTD_H 1
| #define HAVE_DLFCN_H 1
| #define LT_OBJDIR ".libs/"
| /* end confdefs.h.  */
| #include <ac_nonexistent.h>
configure:12783: result: g++ -E
configure:12803: g++ -E  conftest.cpp
configure:12803: $? = 0
configure:12817: g++ -E  conftest.cpp
conftest.cpp:23:28: fatal error: ac_nonexistent.h: No such file or directory
 #include <ac_nonexistent.h>
                            ^
compilation terminated.
configure:12817: $? = 1
configure: failed program was:
| /* confdefs.h */
| #define PACKAGE_NAME "jpcre2"
| #define PACKAGE_TARNAME "jpcre2"
| #define PACKAGE_VERSION "10.28.03"
| #define PACKAGE_STRING "jpcre2 10.28.03"
| #define PACKAGE_BUGREPORT "https://github.com/jpcre2/jpcre2/issues"
| #define PACKAGE_URL ""
| #define PACKAGE "jpcre2"
| #define VERSION "10.28.03"
| #define STDC_HEADERS 1
| #define HAVE_SYS_TYPES_H 1
| #define HAVE_SYS_STAT_H 1
| #define HAVE_STDLIB_H 1
| #define HAVE_STRING_H 1
| #define HAVE_MEMORY_H 1
| #define HAVE_STRINGS_H 1
| #define HAVE_INTTYPES_H 1
| #define HAVE_STDINT_H 1
| #define HAVE_UNISTD_H 1
| #define HAVE_DLFCN_H 1
| #define LT_OBJDIR ".libs/"
| /* end confdefs.h.  */
| #include <ac_nonexistent.h>
configure:12979: checking for ld used by g++
configure:13046: result: /usr/local/bin/ld
configure:13053: checking if the linker (/usr/local/bin/ld) is GNU ld
configure:13068: result: yes
configure:13123: checking whether the g++ linker (/usr/local/bin/ld) supports shared libraries
configure:14196: result: yes
configure:14232: g++ -c -g -O2  conftest.cpp >&5
configure:14235: $? = 0
configure:14716: checking for g++ option to produce PIC
configure:14723: result: -fPIC -DPIC
configure:14731: checking if g++ PIC flag -fPIC -DPIC works
configure:14749: g++ -c -g -O2  -fPIC -DPIC -DPIC conftest.cpp >&5
configure:14753: $? = 0
configure:14766: result: yes
configure:14789: checking if g++ static flag -static works
configure:14817: result: yes
configure:14829: checking if g++ supports -c -o file.o
configure:14850: g++ -c -g -O2  -o out/conftest2.o conftest.cpp >&5
configure:14854: $? = 0
configure:14876: result: yes
configure:14881: checking if g++ supports -c -o file.o
configure:14928: result: yes
configure:14958: checking whether the g++ linker (/usr/local/bin/ld) supports shared libraries
configure:15001: result: yes
configure:15142: checking dynamic linker characteristics
configure:15899: result: freebsd10.3 ld.so
configure:15964: checking how to hardcode library paths into programs
configure:15989: result: immediate
configure:16077: checking for gcc
configure:16104: result: gcc
configure:16333: checking for C compiler version
configure:16342: gcc --version >&5
gcc (FreeBSD Ports Collection) 4.8.5
Copyright (C) 2015 Free Software Foundation, Inc.
This is free software; see the source for copying conditions.  There is NO
warranty; not even for MERCHANTABILITY or FITNESS FOR A PARTICULAR PURPOSE.

configure:16353: $? = 0
configure:16342: gcc -v >&5
Using built-in specs.
COLLECT_GCC=gcc
COLLECT_LTO_WRAPPER=/usr/local/libexec/gcc48/gcc/x86_64-portbld-freebsd10.3/4.8.5/lto-wrapper
Target: x86_64-portbld-freebsd10.3
Configured with: /wrkdirs/usr/ports/lang/gcc/work/gcc-4.8.5/configure --disable-bootstrap --disable-nls --enable-gnu-indirect-function --libdir=/usr/local/lib/gcc48 --libexecdir=/usr/local/libexec/gcc48 --program-suffix=48 --with-as=/usr/local/bin/as --with-gmp=/usr/local --with-gxx-include-dir=/usr/local/lib/gcc48/include/c++/ --with-ld=/usr/local/bin/ld --with-pkgversion='FreeBSD Ports Collection' --with-system-zlib --with-ecj-jar=/usr/local/share/java/ecj-4.5.jar --enable-languages=c,c++,objc,fortran,java --prefix=/usr/local --localstatedir=/var --mandir=/usr/local/man --infodir=/usr/local/info/gcc48 --build=x86_64-portbld-freebsd10.3
Thread model: posix
gcc version 4.8.5 (FreeBSD Ports Collection) 
configure:16353: $? = 0
configure:16342: gcc -V >&5
gcc: error: unrecognized command line option '-V'
gcc: fatal error: no input files
compilation terminated.
configure:16353: $? = 1
configure:16342: gcc -qversion >&5
gcc: error: unrecognized command line option '-qversion'
gcc: fatal error: no input files
compilation terminated.
configure:16353: $? = 1
configure:16357: checking whether we are using the GNU C compiler
configure:16385: result: yes
configure:16394: checking whether gcc accepts -g
configure:16455: result: yes
configure:16472: checking for gcc option to accept ISO C89
configure:16548: result: none needed
configure:16573: checking whether gcc understands -c and -o together
configure:16610: result: yes
configure:16629: checking dependency style of gcc
configure:16740: result: gcc3
configure:16761: checking for stdbool.h that conforms to C99
configure:16828: gcc -c -g -O2  conftest.c >&5
configure:16828: $? = 0
configure:16835: result: yes
configure:16837: checking for _Bool
configure:16837: gcc -c -g -O2  conftest.c >&5
configure:16837: $? = 0
configure:16837: gcc -c -g -O2  conftest.c >&5
conftest.c: In function 'main':
conftest.c:59:20: error: expected expression before ')' token
 if (sizeof ((_Bool)))
                    ^
configure:16837: $? = 1
configure: failed program was:
| /* confdefs.h */
| #define PACKAGE_NAME "jpcre2"
| #define PACKAGE_TARNAME "jpcre2"
| #define PACKAGE_VERSION "10.28.03"
| #define PACKAGE_STRING "jpcre2 10.28.03"
| #define PACKAGE_BUGREPORT "https://github.com/jpcre2/jpcre2/issues"
| #define PACKAGE_URL ""
| #define PACKAGE "jpcre2"
| #define VERSION "10.28.03"
| #define STDC_HEADERS 1
| #define HAVE_SYS_TYPES_H 1
| #define HAVE_SYS_STAT_H 1
| #define HAVE_STDLIB_H 1
| #define HAVE_STRING_H 1
| #define HAVE_MEMORY_H 1
| #define HAVE_STRINGS_H 1
| #define HAVE_INTTYPES_H 1
| #define HAVE_STDINT_H 1
| #define HAVE_UNISTD_H 1
| #define HAVE_DLFCN_H 1
| #define LT_OBJDIR ".libs/"
| /* end confdefs.h.  */
| #include <stdio.h>
| #ifdef HAVE_SYS_TYPES_H
| # include <sys/types.h>
| #endif
| #ifdef HAVE_SYS_STAT_H
| # include <sys/stat.h>
| #endif
| #ifdef STDC_HEADERS
| # include <stdlib.h>
| # include <stddef.h>
| #else
| # ifdef HAVE_STDLIB_H
| #  include <stdlib.h>
| # endif
| #endif
| #ifdef HAVE_STRING_H
| # if !defined STDC_HEADERS && defined HAVE_MEMORY_H
| #  include <memory.h>
| # endif
| # include <string.h>
| #endif
| #ifdef HAVE_STRINGS_H
| # include <strings.h>
| #endif
| #ifdef HAVE_INTTYPES_H
| # include <inttypes.h>
| #endif
| #ifdef HAVE_STDINT_H
| # include <stdint.h>
| #endif
| #ifdef HAVE_UNISTD_H
| # include <unistd.h>
| #endif
| int
| main ()
| {
| if (sizeof ((_Bool)))
| 	    return 0;
|   ;
|   return 0;
| }
configure:16837: result: yes
configure:16848: checking for inline
configure:16864: gcc -c -g -O2  conftest.c >&5
configure:16864: $? = 0
configure:16872: result: inline
configure:16890: checking for size_t
configure:16890: gcc -c -g -O2  conftest.c >&5
configure:16890: $? = 0
configure:16890: gcc -c -g -O2  conftest.c >&5
conftest.c: In function 'main':
conftest.c:60:21: error: expected expression before ')' token
 if (sizeof ((size_t)))
                     ^
configure:16890: $? = 1
configure: failed program was:
| /* confdefs.h */
| #define PACKAGE_NAME "jpcre2"
| #define PACKAGE_TARNAME "jpcre2"
| #define PACKAGE_VERSION "10.28.03"
| #define PACKAGE_STRING "jpcre2 10.28.03"
| #define PACKAGE_BUGREPORT "https://github.com/jpcre2/jpcre2/issues"
| #define PACKAGE_URL ""
| #define PACKAGE "jpcre2"
| #define VERSION "10.28.03"
| #define STDC_HEADERS 1
| #define HAVE_SYS_TYPES_H 1
| #define HAVE_SYS_STAT_H 1
| #define HAVE_STDLIB_H 1
| #define HAVE_STRING_H 1
| #define HAVE_MEMORY_H 1
| #define HAVE_STRINGS_H 1
| #define HAVE_INTTYPES_H 1
| #define HAVE_STDINT_H 1
| #define HAVE_UNISTD_H 1
| #define HAVE_DLFCN_H 1
| #define LT_OBJDIR ".libs/"
| #define HAVE__BOOL 1
| /* end confdefs.h.  */
| #include <stdio.h>
| #ifdef HAVE_SYS_TYPES_H
| # include <sys/types.h>
| #endif
| #ifdef HAVE_SYS_STAT_H
| # include <sys/stat.h>
| #endif
| #ifdef STDC_HEADERS
| # include <stdlib.h>
| # include <stddef.h>
| #else
| # ifdef HAVE_STDLIB_H
| #  include <stdlib.h>
| # endif
| #endif
| #ifdef HAVE_STRING_H
| # if !defined STDC_HEADERS && defined HAVE_MEMORY_H
| #  include <memory.h>
| # endif
| # include <string.h>
| #endif
| #ifdef HAVE_STRINGS_H
| # include <strings.h>
| #endif
| #ifdef HAVE_INTTYPES_H
| # include <inttypes.h>
| #endif
| #ifdef HAVE_STDINT_H
| # include <stdint.h>
| #endif
| #ifdef HAVE_UNISTD_H
| # include <unistd.h>
| #endif
| int
| main ()
| {
| if (sizeof ((size_t)))
| 	    return 0;
|   ;
|   return 0;
| }
configure:16890: result: yes
configure:16901: checking for uint32_t
configure:16901: gcc -c -g -O2  conftest.c >&5
configure:16901: $? = 0
configure:16901: result: yes
configure:16918: checking pcre2.h usability
configure:16918: gcc -c -g -O2  conftest.c >&5
conftest.c:57:19: fatal error: pcre2.h: No such file or directory
 #include <pcre2.h>
                   ^
compilation terminated.
configure:16918: $? = 1
configure: failed program was:
| /* confdefs.h */
| #define PACKAGE_NAME "jpcre2"
| #define PACKAGE_TARNAME "jpcre2"
| #define PACKAGE_VERSION "10.28.03"
| #define PACKAGE_STRING "jpcre2 10.28.03"
| #define PACKAGE_BUGREPORT "https://github.com/jpcre2/jpcre2/issues"
| #define PACKAGE_URL ""
| #define PACKAGE "jpcre2"
| #define VERSION "10.28.03"
| #define STDC_HEADERS 1
| #define HAVE_SYS_TYPES_H 1
| #define HAVE_SYS_STAT_H 1
| #define HAVE_STDLIB_H 1
| #define HAVE_STRING_H 1
| #define HAVE_MEMORY_H 1
| #define HAVE_STRINGS_H 1
| #define HAVE_INTTYPES_H 1
| #define HAVE_STDINT_H 1
| #define HAVE_UNISTD_H 1
| #define HAVE_DLFCN_H 1
| #define LT_OBJDIR ".libs/"
| #define HAVE__BOOL 1
| /* end confdefs.h.  */
| #include <stdio.h>
| #ifdef HAVE_SYS_TYPES_H
| # include <sys/types.h>
| #endif
| #ifdef HAVE_SYS_STAT_H
| # include <sys/stat.h>
| #endif
| #ifdef STDC_HEADERS
| # include <stdlib.h>
| # include <stddef.h>
| #else
| # ifdef HAVE_STDLIB_H
| #  include <stdlib.h>
| # endif
| #endif
| #ifdef HAVE_STRING_H
| # if !defined STDC_HEADERS && defined HAVE_MEMORY_H
| #  include <memory.h>
| # endif
| # include <string.h>
| #endif
| #ifdef HAVE_STRINGS_H
| # include <strings.h>
| #endif
| #ifdef HAVE_INTTYPES_H
| # include <inttypes.h>
| #endif
| #ifdef HAVE_STDINT_H
| # include <stdint.h>
| #endif
| #ifdef HAVE_UNISTD_H
| # include <unistd.h>
| #endif
| #include <pcre2.h>
configure:16918: result: no
configure:16918: checking pcre2.h presence
configure:16918: gcc -E  conftest.c
conftest.c:24:19: fatal error: pcre2.h: No such file or directory
 #include <pcre2.h>
                   ^
compilation terminated.
configure:16918: $? = 1
configure: failed program was:
| /* confdefs.h */
| #define PACKAGE_NAME "jpcre2"
| #define PACKAGE_TARNAME "jpcre2"
| #define PACKAGE_VERSION "10.28.03"
| #define PACKAGE_STRING "jpcre2 10.28.03"
| #define PACKAGE_BUGREPORT "https://github.com/jpcre2/jpcre2/issues"
| #define PACKAGE_URL ""
| #define PACKAGE "jpcre2"
| #define VERSION "10.28.03"
| #define STDC_HEADERS 1
| #define HAVE_SYS_TYPES_H 1
| #define HAVE_SYS_STAT_H 1
| #define HAVE_STDLIB_H 1
| #define HAVE_STRING_H 1
| #define HAVE_MEMORY_H 1
| #define HAVE_STRINGS_H 1
| #define HAVE_INTTYPES_H 1
| #define HAVE_STDINT_H 1
| #define HAVE_UNISTD_H 1
| #define HAVE_DLFCN_H 1
| #define LT_OBJDIR ".libs/"
| #define HAVE__BOOL 1
| /* end confdefs.h.  */
| #include <pcre2.h>
configure:16918: result: no
configure:16918: checking for pcre2.h
configure:16918: result: no
configure:16932: checking for stdlib.h
configure:16932: result: yes
configure:16942: checking for GNU libc compatible malloc
configure:16966: gcc -o conftest -g -O2   conftest.c  >&5
configure:16966: $? = 0
configure:16966: ./conftest
configure:16966: $? = 0
configure:16976: result: yes
configure:16999: checking for stdlib.h
configure:16999: result: yes
configure:17009: checking for GNU libc compatible realloc
configure:17033: gcc -o conftest -g -O2   conftest.c  >&5
configure:17033: $? = 0
configure:17033: ./conftest
configure:17033: $? = 0
configure:17043: result: yes
configure:17066: checking for setlocale
configure:17066: gcc -o conftest -g -O2   conftest.c  >&5
configure:17066: $? = 0
configure:17066: result: yes
configure:17187: checking whether make supports nested variables
configure:17204: result: yes
configure:17235: checking for pcre2_code_free_8 in -lpcre2-8
configure:17260: gcc -o conftest -g -O2   conftest.c -lpcre2-8   >&5
/usr/local/bin/ld: cannot find -lpcre2-8
collect2: error: ld returned 1 exit status
configure:17260: $? = 1
configure: failed program was:
| /* confdefs.h */
| #define PACKAGE_NAME "jpcre2"
| #define PACKAGE_TARNAME "jpcre2"
| #define PACKAGE_VERSION "10.28.03"
| #define PACKAGE_STRING "jpcre2 10.28.03"
| #define PACKAGE_BUGREPORT "https://github.com/jpcre2/jpcre2/issues"
| #define PACKAGE_URL ""
| #define PACKAGE "jpcre2"
| #define VERSION "10.28.03"
| #define STDC_HEADERS 1
| #define HAVE_SYS_TYPES_H 1
| #define HAVE_SYS_STAT_H 1
| #define HAVE_STDLIB_H 1
| #define HAVE_STRING_H 1
| #define HAVE_MEMORY_H 1
| #define HAVE_STRINGS_H 1
| #define HAVE_INTTYPES_H 1
| #define HAVE_STDINT_H 1
| #define HAVE_UNISTD_H 1
| #define HAVE_DLFCN_H 1
| #define LT_OBJDIR ".libs/"
| #define HAVE__BOOL 1
| #define HAVE_STDLIB_H 1
| #define HAVE_MALLOC 1
| #define HAVE_STDLIB_H 1
| #define HAVE_REALLOC 1
| #define HAVE_SETLOCALE 1
| #define SUPPORT_SILENT_RULES /**/
| #define SUPPORT_TEST_8 /**/
| /* end confdefs.h.  */
| 
| /* Override any GCC internal prototype to avoid an error.
|    Use char because int might match the return type of a GCC
|    builtin and then its argument prototype would still apply.  */
| #ifdef __cplusplus
| extern "C"
| #endif
| char pcre2_code_free_8 ();
| int
| main ()
| {
| return pcre2_code_free_8 ();
|   ;
|   return 0;
| }
configure:17269: result: no
configure:17279: WARNING: unable to find pcre2-8 library
configure:18265: checking that generated files are newer than configure
configure:18271: result: done
configure:18322: creating ./config.status

## ---------------- ##
## Cache variables. ##
## ---------------- ##

ac_cv_build=x86_64-unknown-freebsd10.3
ac_cv_c_compiler_gnu=yes
ac_cv_c_inline=inline
ac_cv_c_int64_t=yes
ac_cv_c_uint32_t=yes
ac_cv_cxx_compiler_gnu=yes
ac_cv_env_CCC_set=''
ac_cv_env_CCC_value=''
ac_cv_env_CC_set=''
ac_cv_env_CC_value=''
ac_cv_env_CFLAGS_set=''
ac_cv_env_CFLAGS_value=''
ac_cv_env_CPPFLAGS_set=''
ac_cv_env_CPPFLAGS_value=''
ac_cv_env_CPP_set=''
ac_cv_env_CPP_value=''
ac_cv_env_CXXCPP_set=''
ac_cv_env_CXXCPP_value=''
ac_cv_env_CXXFLAGS_set=''
ac_cv_env_CXXFLAGS_value=''
ac_cv_env_CXX_set=''
ac_cv_env_CXX_value=''
ac_cv_env_LDFLAGS_set=''
ac_cv_env_LDFLAGS_value=''
ac_cv_env_LIBS_set=''
ac_cv_env_LIBS_value=''
ac_cv_env_LT_SYS_LIBRARY_PATH_set=''
ac_cv_env_LT_SYS_LIBRARY_PATH_value=''
ac_cv_env_build_alias_set=''
ac_cv_env_build_alias_value=''
ac_cv_env_host_alias_set=''
ac_cv_env_host_alias_value=''
ac_cv_env_target_alias_set=''
ac_cv_env_target_alias_value=''
ac_cv_func_malloc_0_nonnull=yes
ac_cv_func_realloc_0_nonnull=yes
ac_cv_func_setlocale=yes
ac_cv_header_dlfcn_h=yes
ac_cv_header_inttypes_h=yes
ac_cv_header_memory_h=yes
ac_cv_header_pcre2_h=no
ac_cv_header_stdbool_h=yes
ac_cv_header_stdc=yes
ac_cv_header_stdint_h=yes
ac_cv_header_stdlib_h=yes
ac_cv_header_string_h=yes
ac_cv_header_strings_h=yes
ac_cv_header_sys_stat_h=yes
ac_cv_header_sys_types_h=yes
ac_cv_header_unistd_h=yes
ac_cv_host=x86_64-unknown-freebsd10.3
ac_cv_lib_pcre2_8_pcre2_code_free_8=no
ac_cv_objext=o
ac_cv_path_EGREP='/usr/bin/grep -E'
ac_cv_path_FGREP='/usr/bin/grep -F'
ac_cv_path_GREP=/usr/bin/grep
ac_cv_path_SED=/usr/bin/sed
ac_cv_path_install='/usr/bin/install -c'
ac_cv_path_lt_DD=/bin/dd
ac_cv_path_mkdir=/usr/local/bin/gmkdir
ac_cv_prog_AWK=nawk
ac_cv_prog_CPP='gcc -E'
ac_cv_prog_CXXCPP='g++ -E'
ac_cv_prog_ac_ct_AR=ar
ac_cv_prog_ac_ct_CC=gcc
ac_cv_prog_ac_ct_CXX=g++
ac_cv_prog_ac_ct_MANIFEST_TOOL=mt
ac_cv_prog_ac_ct_OBJDUMP=objdump
ac_cv_prog_ac_ct_RANLIB=ranlib
ac_cv_prog_ac_ct_STRIP=strip
ac_cv_prog_cc_c89=''
ac_cv_prog_cc_g=yes
ac_cv_prog_cxx_g=yes
ac_cv_prog_make_make_set=yes
ac_cv_type__Bool=yes
ac_cv_type_size_t=yes
am_cv_CC_dependencies_compiler_type=gcc3
am_cv_CXX_dependencies_compiler_type=gcc3
am_cv_make_support_nested_variables=yes
am_cv_prog_cc_c_o=yes
lt_cv_ar_at_file=no
lt_cv_archive_cmds_need_lc=no
lt_cv_deplibs_check_method=pass_all
lt_cv_file_magic_cmd='$MAGIC_CMD'
lt_cv_file_magic_test_file=''
lt_cv_ld_reload_flag=-r
lt_cv_nm_interface='BSD nm'
lt_cv_objdir=.libs
lt_cv_path_LD=/usr/local/bin/ld
lt_cv_path_LDCXX=/usr/local/bin/ld
lt_cv_path_NM='/usr/bin/nm -B'
lt_cv_path_mainfest_tool=no
lt_cv_prog_compiler_c_o=yes
lt_cv_prog_compiler_c_o_CXX=yes
lt_cv_prog_compiler_pic='-fPIC -DPIC'
lt_cv_prog_compiler_pic_CXX='-fPIC -DPIC'
lt_cv_prog_compiler_pic_works=yes
lt_cv_prog_compiler_pic_works_CXX=yes
lt_cv_prog_compiler_rtti_exceptions=no
lt_cv_prog_compiler_static_works=yes
lt_cv_prog_compiler_static_works_CXX=yes
lt_cv_prog_gnu_ld=yes
lt_cv_prog_gnu_ldcxx=yes
lt_cv_sharedlib_from_linklib_cmd='printf %s\n'
lt_cv_sys_global_symbol_pipe='sed -n -e '\''s/^.*[	 ]\([ABCDGIRSTW][ABCDGIRSTW]*\)[	 ][	 ]*\([_A-Za-z][_A-Za-z0-9]*\)$/\1 \2 \2/p'\'' | sed '\''/ __gnu_lto/d'\'
lt_cv_sys_global_symbol_to_c_name_address='sed -n -e '\''s/^: \(.*\) .*$/  {"\1", (void *) 0},/p'\'' -e '\''s/^[ABCDGIRSTW][ABCDGIRSTW]* .* \(.*\)$/  {"\1", (void *) \&\1},/p'\'
lt_cv_sys_global_symbol_to_c_name_address_lib_prefix='sed -n -e '\''s/^: \(.*\) .*$/  {"\1", (void *) 0},/p'\'' -e '\''s/^[ABCDGIRSTW][ABCDGIRSTW]* .* \(lib.*\)$/  {"\1", (void *) \&\1},/p'\'' -e '\''s/^[ABCDGIRSTW][ABCDGIRSTW]* .* \(.*\)$/  {"lib\1", (void *) \&\1},/p'\'
lt_cv_sys_global_symbol_to_cdecl='sed -n -e '\''s/^T .* \(.*\)$/extern int \1();/p'\'' -e '\''s/^[ABCDGIRSTW][ABCDGIRSTW]* .* \(.*\)$/extern char \1;/p'\'
lt_cv_sys_global_symbol_to_import=''
lt_cv_sys_max_cmd_len=196608
lt_cv_to_host_file_cmd=func_convert_file_noop
lt_cv_to_tool_file_cmd=func_convert_file_noop
lt_cv_truncate_bin='/bin/dd bs=4096 count=1'

## ----------------- ##
## Output variables. ##
## ----------------- ##

ACLOCAL='${SHELL} /usr/home/hashi101/node_modules/pcre2/deps/jpcre2/config/missing aclocal-1.15'
AMDEPBACKSLASH='\'
AMDEP_FALSE='#'
AMDEP_TRUE=''
AMTAR='$${TAR-tar}'
AM_BACKSLASH='\'
AM_DEFAULT_V='$(AM_DEFAULT_VERBOSITY)'
AM_DEFAULT_VERBOSITY='0'
AM_V='$(V)'
AR='ar'
AUTOCONF='${SHELL} /usr/home/hashi101/node_modules/pcre2/deps/jpcre2/config/missing autoconf'
AUTOHEADER='${SHELL} /usr/home/hashi101/node_modules/pcre2/deps/jpcre2/config/missing autoheader'
AUTOMAKE='${SHELL} /usr/home/hashi101/node_modules/pcre2/deps/jpcre2/config/missing automake-1.15'
AWK='nawk'
CC='gcc'
CCDEPMODE='depmode=gcc3'
CFLAGS='-g -O2'
CPP='gcc -E'
CPPFLAGS=''
CXX='g++'
CXXCPP='g++ -E'
CXXDEPMODE='depmode=gcc3'
CXXFLAGS='-g -O2'
CYGPATH_W='echo'
DEFS='-DPACKAGE_NAME=\"jpcre2\" -DPACKAGE_TARNAME=\"jpcre2\" -DPACKAGE_VERSION=\"10.28.03\" -DPACKAGE_STRING=\"jpcre2\ 10.28.03\" -DPACKAGE_BUGREPORT=\"https://github.com/jpcre2/jpcre2/issues\" -DPACKAGE_URL=\"\" -DPACKAGE=\"jpcre2\" -DVERSION=\"10.28.03\" -DSTDC_HEADERS=1 -DHAVE_SYS_TYPES_H=1 -DHAVE_SYS_STAT_H=1 -DHAVE_STDLIB_H=1 -DHAVE_STRING_H=1 -DHAVE_MEMORY_H=1 -DHAVE_STRINGS_H=1 -DHAVE_INTTYPES_H=1 -DHAVE_STDINT_H=1 -DHAVE_UNISTD_H=1 -DHAVE_DLFCN_H=1 -DLT_OBJDIR=\".libs/\" -DHAVE__BOOL=1 -DHAVE_STDLIB_H=1 -DHAVE_MALLOC=1 -DHAVE_STDLIB_H=1 -DHAVE_REALLOC=1 -DHAVE_SETLOCALE=1 -DSUPPORT_SILENT_RULES=/\*\*/ -DSUPPORT_TEST_8=/\*\*/'
DEPDIR='.deps'
DLLTOOL='false'
DSYMUTIL=''
DUMPBIN=''
ECHO_C=''
ECHO_N='-n'
ECHO_T=''
EGREP='/usr/bin/grep -E'
EXEEXT=''
FGREP='/usr/bin/grep -F'
GREP='/usr/bin/grep'
HAVE_CXX11=''
INSTALL_DATA='${INSTALL} -m 644'
INSTALL_PROGRAM='${INSTALL}'
INSTALL_SCRIPT='${INSTALL}'
INSTALL_STRIP_PROGRAM='$(install_sh) -c -s'
LD='/usr/local/bin/ld'
LDFLAGS=''
LIBOBJS=''
LIBS=''
LIBTOOL='$(SHELL) $(top_builddir)/libtool'
LIPO=''
LN_S='ln -s'
LTLIBOBJS=''
LT_SYS_LIBRARY_PATH=''
MAKEINFO='${SHELL} /usr/home/hashi101/node_modules/pcre2/deps/jpcre2/config/missing makeinfo'
MANIFEST_TOOL=':'
MKDIR_P='/usr/local/bin/gmkdir -p'
NM='/usr/bin/nm -B'
NMEDIT=''
OBJDUMP='objdump'
OBJEXT='o'
OTOOL64=''
OTOOL=''
PACKAGE='jpcre2'
PACKAGE_BUGREPORT='https://github.com/jpcre2/jpcre2/issues'
PACKAGE_NAME='jpcre2'
PACKAGE_STRING='jpcre2 10.28.03'
PACKAGE_TARNAME='jpcre2'
PACKAGE_URL=''
PACKAGE_VERSION='10.28.03'
PATH_SEPARATOR=':'
RANLIB='ranlib'
SED='/usr/bin/sed'
SET_MAKE=''
SHELL='/bin/sh'
STRIP='strip'
VERSION='10.28.03'
WITH_CPP11_FALSE=''
WITH_CPP11_TRUE='#'
WITH_TEST_16_FALSE=''
WITH_TEST_16_TRUE='#'
WITH_TEST_32_FALSE=''
WITH_TEST_32_TRUE='#'
WITH_TEST_8_FALSE='#'
WITH_TEST_8_TRUE=''
WITH_TEST_MULTI_FALSE=''
WITH_TEST_MULTI_TRUE='#'
ac_ct_AR='ar'
ac_ct_CC='gcc'
ac_ct_CXX='g++'
ac_ct_DUMPBIN=''
am__EXEEXT_FALSE=''
am__EXEEXT_TRUE='#'
am__fastdepCC_FALSE='#'
am__fastdepCC_TRUE=''
am__fastdepCXX_FALSE='#'
am__fastdepCXX_TRUE=''
am__include='include'
am__isrc=''
am__leading_dot='.'
am__nodep='_no'
am__quote=''
am__tar='$${TAR-tar} chof - "$$tardir"'
am__untar='$${TAR-tar} xf -'
bindir='${exec_prefix}/bin'
build='x86_64-unknown-freebsd10.3'
build_alias=''
build_cpu='x86_64'
build_os='freebsd10.3'
build_vendor='unknown'
datadir='${datarootdir}'
datarootdir='${prefix}/share'
docdir='${datarootdir}/doc/${PACKAGE_TARNAME}'
dvidir='${docdir}'
enable_cpp11='no'
enable_silent_rules='yes'
enable_test_16='no'
enable_test_32='no'
enable_test_8='yes'
enable_test_multi='no'
exec_prefix='${prefix}'
host='x86_64-unknown-freebsd10.3'
host_alias=''
host_cpu='x86_64'
host_os='freebsd10.3'
host_vendor='unknown'
htmldir='${docdir}'
includedir='${prefix}/include'
infodir='${datarootdir}/info'
install_sh='${SHELL} /usr/home/hashi101/node_modules/pcre2/deps/jpcre2/config/install-sh'
libdir='${exec_prefix}/lib'
libexecdir='${exec_prefix}/libexec'
localedir='${datarootdir}/locale'
localstatedir='${prefix}/var'
mandir='${datarootdir}/man'
mkdir_p='$(MKDIR_P)'
oldincludedir='/usr/include'
pdfdir='${docdir}'
prefix='/usr/home/hashi101/node_modules/pcre2/deps/jpcre2/release'
program_transform_name='s,x,x,'
psdir='${docdir}'
sbindir='${exec_prefix}/sbin'
sharedstatedir='${prefix}/com'
sysconfdir='${prefix}/etc'
target_alias=''

## ----------- ##
## confdefs.h. ##
## ----------- ##

/* confdefs.h */
#define PACKAGE_NAME "jpcre2"
#define PACKAGE_TARNAME "jpcre2"
#define PACKAGE_VERSION "10.28.03"
#define PACKAGE_STRING "jpcre2 10.28.03"
#define PACKAGE_BUGREPORT "https://github.com/jpcre2/jpcre2/issues"
#define PACKAGE_URL ""
#define PACKAGE "jpcre2"
#define VERSION "10.28.03"
#define STDC_HEADERS 1
#define HAVE_SYS_TYPES_H 1
#define HAVE_SYS_STAT_H 1
#define HAVE_STDLIB_H 1
#define HAVE_STRING_H 1
#define HAVE_MEMORY_H 1
#define HAVE_STRINGS_H 1
#define HAVE_INTTYPES_H 1
#define HAVE_STDINT_H 1
#define HAVE_UNISTD_H 1
#define HAVE_DLFCN_H 1
#define LT_OBJDIR ".libs/"
#define HAVE__BOOL 1
#define HAVE_STDLIB_H 1
#define HAVE_MALLOC 1
#define HAVE_STDLIB_H 1
#define HAVE_REALLOC 1
#define HAVE_SETLOCALE 1
#define SUPPORT_SILENT_RULES /**/
#define SUPPORT_TEST_8 /**/

configure: exit 0

## ---------------------- ##
## Running config.status. ##
## ---------------------- ##

This file was extended by jpcre2 config.status 10.28.03, which was
generated by GNU Autoconf 2.69.  Invocation command line was

  CONFIG_FILES    = 
  CONFIG_HEADERS  = 
  CONFIG_LINKS    = 
  CONFIG_COMMANDS = 
  $ ./config.status 

on s6.mydevil.net

config.status:1085: creating Makefile
config.status:1085: creating src/Makefile
config.status:1257: executing depfiles commands
config.status:1257: executing libtool commands
