This file contains any messages produced by compilers while
running configure, to aid debugging if configure makes a mistake.

It was created by PCRE2 configure 10.22, which was
generated by GNU Autoconf 2.69.  Invocation command line was

  $ ./configure --with-parens-nest-limit=50000 --with-match-limit=500000000 --disable-stack-for-recursion --enable-static --disable-shared --with-pic --prefix=/home/hashi101/node_modules/pcre2/deps/pcre2/../../build_pcre2/

## --------- ##
## Platform. ##
## --------- ##

hostname = s6.mydevil.net
uname -m = amd64
uname -r = 10.3-STABLE
uname -s = FreeBSD
uname -v = FreeBSD 10.3-STABLE #11: Thu Sep  1 13:59:49 UTC 2016     root@pkg.admin.net.pl:/usr/obj/usr/src/sys/devil 

/usr/bin/uname -p = amd64
/bin/uname -X     = unknown

/bin/arch              = unknown
/usr/bin/arch -k       = unknown
/usr/convex/getsysinfo = unknown
/usr/bin/hostinfo      = unknown
/bin/machine           = unknown
/usr/bin/oslevel       = unknown
/bin/universe          = unknown

PATH: /home/hashi101/.nvm/versions/node/v6.9.1/bin
PATH: /usr/local/devil/bin
PATH: /sbin
PATH: /bin
PATH: /usr/sbin
PATH: /usr/bin
PATH: /usr/games
PATH: /usr/local/sbin
PATH: /usr/local/bin
PATH: /usr/X11R6/bin
PATH: /home/hashi101/bin


## ----------- ##
## Core tests. ##
## ----------- ##

configure:2533: checking for a BSD-compatible install
configure:2601: result: /usr/bin/install -c
configure:2612: checking whether build environment is sane
configure:2667: result: yes
configure:2818: checking for a thread-safe mkdir -p
configure:2857: result: /usr/local/bin/gmkdir -p
configure:2864: checking for gawk
configure:2894: result: no
configure:2864: checking for mawk
configure:2894: result: no
configure:2864: checking for nawk
configure:2880: found /usr/bin/nawk
configure:2891: result: nawk
configure:2902: checking whether make sets $(MAKE)
configure:2924: result: yes
configure:2953: checking whether make supports nested variables
configure:2970: result: yes
configure:3107: checking whether make supports nested variables
configure:3124: result: yes
configure:3151: checking for style of include used by make
configure:3179: result: GNU
configure:3250: checking for gcc
configure:3266: found /usr/local/bin/gcc
configure:3277: result: gcc
configure:3506: checking for C compiler version
configure:3515: gcc --version >&5
gcc (FreeBSD Ports Collection) 4.8.5
Copyright (C) 2015 Free Software Foundation, Inc.
This is free software; see the source for copying conditions.  There is NO
warranty; not even for MERCHANTABILITY or FITNESS FOR A PARTICULAR PURPOSE.

configure:3526: $? = 0
configure:3515: gcc -v >&5
Using built-in specs.
COLLECT_GCC=gcc
COLLECT_LTO_WRAPPER=/usr/local/libexec/gcc48/gcc/x86_64-portbld-freebsd10.3/4.8.5/lto-wrapper
Target: x86_64-portbld-freebsd10.3
Configured with: /wrkdirs/usr/ports/lang/gcc/work/gcc-4.8.5/configure --disable-bootstrap --disable-nls --enable-gnu-indirect-function --libdir=/usr/local/lib/gcc48 --libexecdir=/usr/local/libexec/gcc48 --program-suffix=48 --with-as=/usr/local/bin/as --with-gmp=/usr/local --with-gxx-include-dir=/usr/local/lib/gcc48/include/c++/ --with-ld=/usr/local/bin/ld --with-pkgversion='FreeBSD Ports Collection' --with-system-zlib --with-ecj-jar=/usr/local/share/java/ecj-4.5.jar --enable-languages=c,c++,objc,fortran,java --prefix=/usr/local --localstatedir=/var --mandir=/usr/local/man --infodir=/usr/local/info/gcc48 --build=x86_64-portbld-freebsd10.3
Thread model: posix
gcc version 4.8.5 (FreeBSD Ports Collection) 
configure:3526: $? = 0
configure:3515: gcc -V >&5
gcc: error: unrecognized command line option '-V'
gcc: fatal error: no input files
compilation terminated.
configure:3526: $? = 1
configure:3515: gcc -qversion >&5
gcc: error: unrecognized command line option '-qversion'
gcc: fatal error: no input files
compilation terminated.
configure:3526: $? = 1
configure:3546: checking whether the C compiler works
configure:3568: gcc    conftest.c  >&5
configure:3572: $? = 0
configure:3620: result: yes
configure:3623: checking for C compiler default output file name
configure:3625: result: a.out
configure:3631: checking for suffix of executables
configure:3638: gcc -o conftest    conftest.c  >&5
configure:3642: $? = 0
configure:3664: result: 
configure:3686: checking whether we are cross compiling
configure:3694: gcc -o conftest    conftest.c  >&5
configure:3698: $? = 0
configure:3705: ./conftest
configure:3709: $? = 0
configure:3724: result: no
configure:3729: checking for suffix of object files
configure:3751: gcc -c   conftest.c >&5
configure:3755: $? = 0
configure:3776: result: o
configure:3780: checking whether we are using the GNU C compiler
configure:3799: gcc -c   conftest.c >&5
configure:3799: $? = 0
configure:3808: result: yes
configure:3817: checking whether gcc accepts -g
configure:3837: gcc -c -g  conftest.c >&5
configure:3837: $? = 0
configure:3878: result: yes
configure:3895: checking for gcc option to accept ISO C89
configure:3958: gcc  -c -g -O2  conftest.c >&5
configure:3958: $? = 0
configure:3971: result: none needed
configure:3996: checking whether gcc understands -c and -o together
configure:4018: gcc -c conftest.c -o conftest2.o
configure:4021: $? = 0
configure:4018: gcc -c conftest.c -o conftest2.o
configure:4021: $? = 0
configure:4033: result: yes
configure:4052: checking dependency style of gcc
configure:4163: result: gcc3
configure:4228: checking for ar
configure:4244: found /usr/bin/ar
configure:4255: result: ar
configure:4281: checking the archiver (ar) interface
configure:4297: gcc -c -g -O2  conftest.c >&5
configure:4297: $? = 0
configure:4299: ar cru libconftest.a conftest.o >&5
configure:4302: $? = 0
configure:4330: result: ar
configure:4412: checking for gcc
configure:4439: result: gcc
configure:4668: checking for C compiler version
configure:4677: gcc --version >&5
gcc (FreeBSD Ports Collection) 4.8.5
Copyright (C) 2015 Free Software Foundation, Inc.
This is free software; see the source for copying conditions.  There is NO
warranty; not even for MERCHANTABILITY or FITNESS FOR A PARTICULAR PURPOSE.

configure:4688: $? = 0
configure:4677: gcc -v >&5
Using built-in specs.
COLLECT_GCC=gcc
COLLECT_LTO_WRAPPER=/usr/local/libexec/gcc48/gcc/x86_64-portbld-freebsd10.3/4.8.5/lto-wrapper
Target: x86_64-portbld-freebsd10.3
Configured with: /wrkdirs/usr/ports/lang/gcc/work/gcc-4.8.5/configure --disable-bootstrap --disable-nls --enable-gnu-indirect-function --libdir=/usr/local/lib/gcc48 --libexecdir=/usr/local/libexec/gcc48 --program-suffix=48 --with-as=/usr/local/bin/as --with-gmp=/usr/local --with-gxx-include-dir=/usr/local/lib/gcc48/include/c++/ --with-ld=/usr/local/bin/ld --with-pkgversion='FreeBSD Ports Collection' --with-system-zlib --with-ecj-jar=/usr/local/share/java/ecj-4.5.jar --enable-languages=c,c++,objc,fortran,java --prefix=/usr/local --localstatedir=/var --mandir=/usr/local/man --infodir=/usr/local/info/gcc48 --build=x86_64-portbld-freebsd10.3
Thread model: posix
gcc version 4.8.5 (FreeBSD Ports Collection) 
configure:4688: $? = 0
configure:4677: gcc -V >&5
gcc: error: unrecognized command line option '-V'
gcc: fatal error: no input files
compilation terminated.
configure:4688: $? = 1
configure:4677: gcc -qversion >&5
gcc: error: unrecognized command line option '-qversion'
gcc: fatal error: no input files
compilation terminated.
configure:4688: $? = 1
configure:4692: checking whether we are using the GNU C compiler
configure:4720: result: yes
configure:4729: checking whether gcc accepts -g
configure:4790: result: yes
configure:4807: checking for gcc option to accept ISO C89
configure:4883: result: none needed
configure:4908: checking whether gcc understands -c and -o together
configure:4945: result: yes
configure:4964: checking dependency style of gcc
configure:5075: result: gcc3
configure:5109: checking how to run the C preprocessor
configure:5140: gcc -E  conftest.c
configure:5140: $? = 0
configure:5154: gcc -E  conftest.c
conftest.c:11:28: fatal error: ac_nonexistent.h: No such file or directory
 #include <ac_nonexistent.h>
                            ^
compilation terminated.
configure:5154: $? = 1
configure: failed program was:
| /* confdefs.h */
| #define PACKAGE_NAME "PCRE2"
| #define PACKAGE_TARNAME "pcre2"
| #define PACKAGE_VERSION "10.22"
| #define PACKAGE_STRING "PCRE2 10.22"
| #define PACKAGE_BUGREPORT ""
| #define PACKAGE_URL ""
| #define PACKAGE "pcre2"
| #define VERSION "10.22"
| /* end confdefs.h.  */
| #include <ac_nonexistent.h>
configure:5179: result: gcc -E
configure:5199: gcc -E  conftest.c
configure:5199: $? = 0
configure:5213: gcc -E  conftest.c
conftest.c:11:28: fatal error: ac_nonexistent.h: No such file or directory
 #include <ac_nonexistent.h>
                            ^
compilation terminated.
configure:5213: $? = 1
configure: failed program was:
| /* confdefs.h */
| #define PACKAGE_NAME "PCRE2"
| #define PACKAGE_TARNAME "pcre2"
| #define PACKAGE_VERSION "10.22"
| #define PACKAGE_STRING "PCRE2 10.22"
| #define PACKAGE_BUGREPORT ""
| #define PACKAGE_URL ""
| #define PACKAGE "pcre2"
| #define VERSION "10.22"
| /* end confdefs.h.  */
| #include <ac_nonexistent.h>
configure:5242: checking for grep that handles long lines and -e
configure:5300: result: /usr/bin/grep
configure:5305: checking for egrep
configure:5367: result: /usr/bin/grep -E
configure:5372: checking for ANSI C header files
configure:5392: gcc -c -g -O2  conftest.c >&5
configure:5392: $? = 0
configure:5465: gcc -o conftest -g -O2   conftest.c  >&5
configure:5465: $? = 0
configure:5465: ./conftest
configure:5465: $? = 0
configure:5476: result: yes
configure:5489: checking for sys/types.h
configure:5489: gcc -c -g -O2  conftest.c >&5
configure:5489: $? = 0
configure:5489: result: yes
configure:5489: checking for sys/stat.h
configure:5489: gcc -c -g -O2  conftest.c >&5
configure:5489: $? = 0
configure:5489: result: yes
configure:5489: checking for stdlib.h
configure:5489: gcc -c -g -O2  conftest.c >&5
configure:5489: $? = 0
configure:5489: result: yes
configure:5489: checking for string.h
configure:5489: gcc -c -g -O2  conftest.c >&5
configure:5489: $? = 0
configure:5489: result: yes
configure:5489: checking for memory.h
configure:5489: gcc -c -g -O2  conftest.c >&5
configure:5489: $? = 0
configure:5489: result: yes
configure:5489: checking for strings.h
configure:5489: gcc -c -g -O2  conftest.c >&5
configure:5489: $? = 0
configure:5489: result: yes
configure:5489: checking for inttypes.h
configure:5489: gcc -c -g -O2  conftest.c >&5
configure:5489: $? = 0
configure:5489: result: yes
configure:5489: checking for stdint.h
configure:5489: gcc -c -g -O2  conftest.c >&5
configure:5489: $? = 0
configure:5489: result: yes
configure:5489: checking for unistd.h
configure:5489: gcc -c -g -O2  conftest.c >&5
configure:5489: $? = 0
configure:5489: result: yes
configure:5501: checking for int64_t
configure:5501: gcc -c -g -O2  conftest.c >&5
configure:5501: $? = 0
configure:5501: gcc -c -g -O2  conftest.c >&5
conftest.c: In function 'main':
conftest.c:59:53: warning: integer overflow in expression [-Woverflow]
    < (int64_t) (((((int64_t) 1 << N) << N) - 1) * 2 + 2))];
                                                     ^
conftest.c:58:12: error: storage size of 'test_array' isn't constant
 static int test_array [1 - 2 * !((int64_t) (((((int64_t) 1 << N) << N) - 1) * 2 + 1)
            ^
configure:5501: $? = 1
configure: failed program was:
| /* confdefs.h */
| #define PACKAGE_NAME "PCRE2"
| #define PACKAGE_TARNAME "pcre2"
| #define PACKAGE_VERSION "10.22"
| #define PACKAGE_STRING "PCRE2 10.22"
| #define PACKAGE_BUGREPORT ""
| #define PACKAGE_URL ""
| #define PACKAGE "pcre2"
| #define VERSION "10.22"
| #define STDC_HEADERS 1
| #define HAVE_SYS_TYPES_H 1
| #define HAVE_SYS_STAT_H 1
| #define HAVE_STDLIB_H 1
| #define HAVE_STRING_H 1
| #define HAVE_MEMORY_H 1
| #define HAVE_STRINGS_H 1
| #define HAVE_INTTYPES_H 1
| #define HAVE_STDINT_H 1
| #define HAVE_UNISTD_H 1
| /* end confdefs.h.  */
| #include <stdio.h>
| #ifdef HAVE_SYS_TYPES_H
| # include <sys/types.h>
| #endif
| #ifdef HAVE_SYS_STAT_H
| # include <sys/stat.h>
| #endif
| #ifdef STDC_HEADERS
| # include <stdlib.h>
| # include <stddef.h>
| #else
| # ifdef HAVE_STDLIB_H
| #  include <stdlib.h>
| # endif
| #endif
| #ifdef HAVE_STRING_H
| # if !defined STDC_HEADERS && defined HAVE_MEMORY_H
| #  include <memory.h>
| # endif
| # include <string.h>
| #endif
| #ifdef HAVE_STRINGS_H
| # include <strings.h>
| #endif
| #ifdef HAVE_INTTYPES_H
| # include <inttypes.h>
| #endif
| #ifdef HAVE_STDINT_H
| # include <stdint.h>
| #endif
| #ifdef HAVE_UNISTD_H
| # include <unistd.h>
| #endif
| 	        enum { N = 64 / 2 - 1 };
| int
| main ()
| {
| static int test_array [1 - 2 * !((int64_t) (((((int64_t) 1 << N) << N) - 1) * 2 + 1)
| 		 < (int64_t) (((((int64_t) 1 << N) << N) - 1) * 2 + 2))];
| test_array [0] = 0;
| return test_array [0];
| 
|   ;
|   return 0;
| }
configure:5501: result: yes
configure:5518: checking build system type
configure:5532: result: x86_64-unknown-freebsd10.3
configure:5552: checking host system type
configure:5565: result: x86_64-unknown-freebsd10.3
configure:5934: checking how to print strings
configure:5961: result: printf
configure:5982: checking for a sed that does not truncate output
configure:6046: result: /usr/bin/sed
configure:6064: checking for fgrep
configure:6126: result: /usr/bin/grep -F
configure:6161: checking for ld used by gcc
configure:6228: result: /usr/local/bin/ld
configure:6235: checking if the linker (/usr/local/bin/ld) is GNU ld
configure:6250: result: yes
configure:6262: checking for BSD- or MS-compatible name lister (nm)
configure:6316: result: /usr/bin/nm -B
configure:6446: checking the name lister (/usr/bin/nm -B) interface
configure:6453: gcc -c -g -O2  conftest.c >&5
configure:6456: /usr/bin/nm -B "conftest.o"
configure:6459: output
0000000000000000 B some_variable
configure:6466: result: BSD nm
configure:6469: checking whether ln -s works
configure:6473: result: yes
configure:6481: checking the maximum length of command line arguments
configure:6612: result: 196608
configure:6660: checking how to convert x86_64-unknown-freebsd10.3 file names to x86_64-unknown-freebsd10.3 format
configure:6700: result: func_convert_file_noop
configure:6707: checking how to convert x86_64-unknown-freebsd10.3 file names to toolchain format
configure:6727: result: func_convert_file_noop
configure:6734: checking for /usr/local/bin/ld option to reload object files
configure:6741: result: -r
configure:6815: checking for objdump
configure:6842: result: objdump
configure:6871: checking how to recognize dependent libraries
configure:7071: result: pass_all
configure:7156: checking for dlltool
configure:7183: result: dlltool
configure:7213: checking how to associate runtime and link libraries
configure:7240: result: printf %s\n
configure:7364: checking for archiver @FILE support
configure:7381: gcc -c -g -O2  conftest.c >&5
configure:7381: $? = 0
configure:7384: ar cru libconftest.a @conftest.lst >&5
ar: warning: can't open file: @conftest.lst: No such file or directory
configure:7387: $? = 0
configure:7392: ar cru libconftest.a @conftest.lst >&5
ar: warning: can't open file: @conftest.lst: No such file or directory
configure:7395: $? = 0
configure:7407: result: no
configure:7465: checking for strip
configure:7481: found /usr/bin/strip
configure:7492: result: strip
configure:7564: checking for ranlib
configure:7580: found /usr/bin/ranlib
configure:7591: result: ranlib
configure:7693: checking command to parse /usr/bin/nm -B output from gcc object
configure:7846: gcc -c -g -O2  conftest.c >&5
configure:7849: $? = 0
configure:7853: /usr/bin/nm -B conftest.o \| sed -n -e 's/^.*[ ]\([ABCDGIRSTW][ABCDGIRSTW]*\)[ ][ ]*\([_A-Za-z][_A-Za-z0-9]*\)$/\1 \2 \2/p' | sed '/ __gnu_lto/d' \> conftest.nm
configure:7856: $? = 0
configure:7922: gcc -o conftest -g -O2   conftest.c conftstm.o >&5
configure:7925: $? = 0
configure:7963: result: ok
configure:8010: checking for sysroot
configure:8040: result: no
configure:8047: checking for a working dd
configure:8085: result: /bin/dd
configure:8089: checking how to truncate binary pipes
configure:8104: result: /bin/dd bs=4096 count=1
configure:8433: checking for mt
configure:8449: found /usr/bin/mt
configure:8460: result: mt
configure:8483: checking if mt is a manifest tool
configure:8489: mt '-?'
mt: illegal option -- ?
usage: mt [-f device] command [count]
configure:8497: result: no
configure:9171: checking for dlfcn.h
configure:9171: gcc -c -g -O2  conftest.c >&5
configure:9171: $? = 0
configure:9171: result: yes
configure:9425: checking for objdir
configure:9440: result: .libs
configure:9704: checking if gcc supports -fno-rtti -fno-exceptions
configure:9722: gcc -c -g -O2  -fno-rtti -fno-exceptions conftest.c >&5
cc1: warning: command line option '-fno-rtti' is valid for C++/ObjC++ but not for C [enabled by default]
configure:9726: $? = 0
configure:9739: result: no
configure:10097: checking for gcc option to produce PIC
configure:10104: result: -fPIC -DPIC
configure:10112: checking if gcc PIC flag -fPIC -DPIC works
configure:10130: gcc -c -g -O2  -fPIC -DPIC -DPIC conftest.c >&5
configure:10134: $? = 0
configure:10147: result: yes
configure:10176: checking if gcc static flag -static works
configure:10204: result: yes
configure:10219: checking if gcc supports -c -o file.o
configure:10240: gcc -c -g -O2  -o out/conftest2.o conftest.c >&5
configure:10244: $? = 0
configure:10266: result: yes
configure:10274: checking if gcc supports -c -o file.o
configure:10321: result: yes
configure:10354: checking whether the gcc linker (/usr/local/bin/ld) supports shared libraries
configure:11613: result: yes
configure:11853: checking dynamic linker characteristics
configure:12671: result: freebsd10.3 ld.so
configure:12793: checking how to hardcode library paths into programs
configure:12818: result: immediate
configure:13366: checking whether stripping libraries is possible
configure:13371: result: yes
configure:13406: checking if libtool supports shared libraries
configure:13408: result: yes
configure:13411: checking whether to build shared libraries
configure:13436: result: no
configure:13439: checking whether to build static libraries
configure:13443: result: yes
configure:13480: checking whether ln -s works
configure:13484: result: yes
configure:13500: checking whether the -Werror option is usable
configure:13519: gcc -c -g -O2 -Werror  conftest.c >&5
configure:13519: $? = 0
configure:13528: result: yes
configure:13530: checking for simple visibility declarations
configure:13557: gcc -c -g -O2 -fvisibility=hidden -Werror  conftest.c >&5
configure:13557: $? = 0
configure:13566: result: yes
configure:14002: checking for ANSI C header files
configure:14106: result: yes
configure:14117: checking limits.h usability
configure:14117: gcc -c -g -O2  conftest.c >&5
configure:14117: $? = 0
configure:14117: result: yes
configure:14117: checking limits.h presence
configure:14117: gcc -E  conftest.c
configure:14117: $? = 0
configure:14117: result: yes
configure:14117: checking for limits.h
configure:14117: result: yes
configure:14117: checking for sys/types.h
configure:14117: result: yes
configure:14117: checking for sys/stat.h
configure:14117: result: yes
configure:14117: checking dirent.h usability
configure:14117: gcc -c -g -O2  conftest.c >&5
configure:14117: $? = 0
configure:14117: result: yes
configure:14117: checking dirent.h presence
configure:14117: gcc -E  conftest.c
configure:14117: $? = 0
configure:14117: result: yes
configure:14117: checking for dirent.h
configure:14117: result: yes
configure:14129: checking windows.h usability
configure:14129: gcc -c -g -O2  conftest.c >&5
conftest.c:66:21: fatal error: windows.h: No such file or directory
 #include <windows.h>
                     ^
compilation terminated.
configure:14129: $? = 1
configure: failed program was:
| /* confdefs.h */
| #define PACKAGE_NAME "PCRE2"
| #define PACKAGE_TARNAME "pcre2"
| #define PACKAGE_VERSION "10.22"
| #define PACKAGE_STRING "PCRE2 10.22"
| #define PACKAGE_BUGREPORT ""
| #define PACKAGE_URL ""
| #define PACKAGE "pcre2"
| #define VERSION "10.22"
| #define STDC_HEADERS 1
| #define HAVE_SYS_TYPES_H 1
| #define HAVE_SYS_STAT_H 1
| #define HAVE_STDLIB_H 1
| #define HAVE_STRING_H 1
| #define HAVE_MEMORY_H 1
| #define HAVE_STRINGS_H 1
| #define HAVE_INTTYPES_H 1
| #define HAVE_STDINT_H 1
| #define HAVE_UNISTD_H 1
| #define HAVE_DLFCN_H 1
| #define LT_OBJDIR ".libs/"
| #define PCRE2_EXP_DECL extern __attribute__ ((visibility ("default")))
| #define PCRE2_EXP_DEFN __attribute__ ((visibility ("default")))
| #define PCRE2POSIX_EXP_DECL extern __attribute__ ((visibility ("default")))
| #define PCRE2POSIX_EXP_DEFN extern __attribute__ ((visibility ("default")))
| #define HAVE_VISIBILITY 1
| #define STDC_HEADERS 1
| #define HAVE_LIMITS_H 1
| #define HAVE_SYS_TYPES_H 1
| #define HAVE_SYS_STAT_H 1
| #define HAVE_DIRENT_H 1
| /* end confdefs.h.  */
| #include <stdio.h>
| #ifdef HAVE_SYS_TYPES_H
| # include <sys/types.h>
| #endif
| #ifdef HAVE_SYS_STAT_H
| # include <sys/stat.h>
| #endif
| #ifdef STDC_HEADERS
| # include <stdlib.h>
| # include <stddef.h>
| #else
| # ifdef HAVE_STDLIB_H
| #  include <stdlib.h>
| # endif
| #endif
| #ifdef HAVE_STRING_H
| # if !defined STDC_HEADERS && defined HAVE_MEMORY_H
| #  include <memory.h>
| # endif
| # include <string.h>
| #endif
| #ifdef HAVE_STRINGS_H
| # include <strings.h>
| #endif
| #ifdef HAVE_INTTYPES_H
| # include <inttypes.h>
| #endif
| #ifdef HAVE_STDINT_H
| # include <stdint.h>
| #endif
| #ifdef HAVE_UNISTD_H
| # include <unistd.h>
| #endif
| #include <windows.h>
configure:14129: result: no
configure:14129: checking windows.h presence
configure:14129: gcc -E  conftest.c
conftest.c:33:21: fatal error: windows.h: No such file or directory
 #include <windows.h>
                     ^
compilation terminated.
configure:14129: $? = 1
configure: failed program was:
| /* confdefs.h */
| #define PACKAGE_NAME "PCRE2"
| #define PACKAGE_TARNAME "pcre2"
| #define PACKAGE_VERSION "10.22"
| #define PACKAGE_STRING "PCRE2 10.22"
| #define PACKAGE_BUGREPORT ""
| #define PACKAGE_URL ""
| #define PACKAGE "pcre2"
| #define VERSION "10.22"
| #define STDC_HEADERS 1
| #define HAVE_SYS_TYPES_H 1
| #define HAVE_SYS_STAT_H 1
| #define HAVE_STDLIB_H 1
| #define HAVE_STRING_H 1
| #define HAVE_MEMORY_H 1
| #define HAVE_STRINGS_H 1
| #define HAVE_INTTYPES_H 1
| #define HAVE_STDINT_H 1
| #define HAVE_UNISTD_H 1
| #define HAVE_DLFCN_H 1
| #define LT_OBJDIR ".libs/"
| #define PCRE2_EXP_DECL extern __attribute__ ((visibility ("default")))
| #define PCRE2_EXP_DEFN __attribute__ ((visibility ("default")))
| #define PCRE2POSIX_EXP_DECL extern __attribute__ ((visibility ("default")))
| #define PCRE2POSIX_EXP_DEFN extern __attribute__ ((visibility ("default")))
| #define HAVE_VISIBILITY 1
| #define STDC_HEADERS 1
| #define HAVE_LIMITS_H 1
| #define HAVE_SYS_TYPES_H 1
| #define HAVE_SYS_STAT_H 1
| #define HAVE_DIRENT_H 1
| /* end confdefs.h.  */
| #include <windows.h>
configure:14129: result: no
configure:14129: checking for windows.h
configure:14129: result: no
configure:14141: checking sys/wait.h usability
configure:14141: gcc -c -g -O2  conftest.c >&5
configure:14141: $? = 0
configure:14141: result: yes
configure:14141: checking sys/wait.h presence
configure:14141: gcc -E  conftest.c
configure:14141: $? = 0
configure:14141: result: yes
configure:14141: checking for sys/wait.h
configure:14141: result: yes
configure:14220: checking for an ANSI C-conforming const
configure:14286: gcc -c -g -O2  conftest.c >&5
configure:14286: $? = 0
configure:14293: result: yes
configure:14301: checking for size_t
configure:14301: gcc -c -g -O2  conftest.c >&5
configure:14301: $? = 0
configure:14301: gcc -c -g -O2  conftest.c >&5
conftest.c: In function 'main':
conftest.c:70:21: error: expected expression before ')' token
 if (sizeof ((size_t)))
                     ^
configure:14301: $? = 1
configure: failed program was:
| /* confdefs.h */
| #define PACKAGE_NAME "PCRE2"
| #define PACKAGE_TARNAME "pcre2"
| #define PACKAGE_VERSION "10.22"
| #define PACKAGE_STRING "PCRE2 10.22"
| #define PACKAGE_BUGREPORT ""
| #define PACKAGE_URL ""
| #define PACKAGE "pcre2"
| #define VERSION "10.22"
| #define STDC_HEADERS 1
| #define HAVE_SYS_TYPES_H 1
| #define HAVE_SYS_STAT_H 1
| #define HAVE_STDLIB_H 1
| #define HAVE_STRING_H 1
| #define HAVE_MEMORY_H 1
| #define HAVE_STRINGS_H 1
| #define HAVE_INTTYPES_H 1
| #define HAVE_STDINT_H 1
| #define HAVE_UNISTD_H 1
| #define HAVE_DLFCN_H 1
| #define LT_OBJDIR ".libs/"
| #define PCRE2_EXP_DECL extern __attribute__ ((visibility ("default")))
| #define PCRE2_EXP_DEFN __attribute__ ((visibility ("default")))
| #define PCRE2POSIX_EXP_DECL extern __attribute__ ((visibility ("default")))
| #define PCRE2POSIX_EXP_DEFN extern __attribute__ ((visibility ("default")))
| #define HAVE_VISIBILITY 1
| #define STDC_HEADERS 1
| #define HAVE_LIMITS_H 1
| #define HAVE_SYS_TYPES_H 1
| #define HAVE_SYS_STAT_H 1
| #define HAVE_DIRENT_H 1
| #define HAVE_SYS_WAIT_H 1
| /* end confdefs.h.  */
| #include <stdio.h>
| #ifdef HAVE_SYS_TYPES_H
| # include <sys/types.h>
| #endif
| #ifdef HAVE_SYS_STAT_H
| # include <sys/stat.h>
| #endif
| #ifdef STDC_HEADERS
| # include <stdlib.h>
| # include <stddef.h>
| #else
| # ifdef HAVE_STDLIB_H
| #  include <stdlib.h>
| # endif
| #endif
| #ifdef HAVE_STRING_H
| # if !defined STDC_HEADERS && defined HAVE_MEMORY_H
| #  include <memory.h>
| # endif
| # include <string.h>
| #endif
| #ifdef HAVE_STRINGS_H
| # include <strings.h>
| #endif
| #ifdef HAVE_INTTYPES_H
| # include <inttypes.h>
| #endif
| #ifdef HAVE_STDINT_H
| # include <stdint.h>
| #endif
| #ifdef HAVE_UNISTD_H
| # include <unistd.h>
| #endif
| int
| main ()
| {
| if (sizeof ((size_t)))
| 	    return 0;
|   ;
|   return 0;
| }
configure:14301: result: yes
configure:14318: checking for bcopy
configure:14318: gcc -o conftest -g -O2   conftest.c  >&5
conftest.c:57:6: warning: conflicting types for built-in function 'bcopy' [enabled by default]
 char bcopy ();
      ^
configure:14318: $? = 0
configure:14318: result: yes
configure:14318: checking for memmove
configure:14318: gcc -o conftest -g -O2   conftest.c  >&5
conftest.c:58:6: warning: conflicting types for built-in function 'memmove' [enabled by default]
 char memmove ();
      ^
configure:14318: $? = 0
configure:14318: result: yes
configure:14318: checking for strerror
configure:14318: gcc -o conftest -g -O2   conftest.c  >&5
configure:14318: $? = 0
configure:14318: result: yes
configure:14332: checking zlib.h usability
configure:14332: gcc -c -g -O2  conftest.c >&5
configure:14332: $? = 0
configure:14332: result: yes
configure:14332: checking zlib.h presence
configure:14332: gcc -E  conftest.c
configure:14332: $? = 0
configure:14332: result: yes
configure:14332: checking for zlib.h
configure:14332: result: yes
configure:14342: checking for gzopen in -lz
configure:14367: gcc -o conftest -g -O2   conftest.c -lz   >&5
configure:14367: $? = 0
configure:14376: result: yes
configure:14401: checking bzlib.h usability
configure:14401: gcc -c -g -O2  conftest.c >&5
configure:14401: $? = 0
configure:14401: result: yes
configure:14401: checking bzlib.h presence
configure:14401: gcc -E  conftest.c
configure:14401: $? = 0
configure:14401: result: yes
configure:14401: checking for bzlib.h
configure:14401: result: yes
configure:14416: checking for libbz2
configure:14434: gcc -o conftest -g -O2   conftest.c  -lbz2 >&5
conftest.c: In function 'main':
conftest.c:46:8: warning: cast from pointer to integer of different size [-Wpointer-to-int-cast]
 return (int)BZ2_bzopen("conftest", "rb");
        ^
configure:14434: $? = 0
configure:14435: result: yes
configure:16023: checking that generated files are newer than configure
configure:16029: result: done
configure:16092: creating ./config.status

## ---------------------- ##
## Running config.status. ##
## ---------------------- ##

This file was extended by PCRE2 config.status 10.22, which was
generated by GNU Autoconf 2.69.  Invocation command line was

  CONFIG_FILES    = 
  CONFIG_HEADERS  = 
  CONFIG_LINKS    = 
  CONFIG_COMMANDS = 
  $ ./config.status 

on s6.mydevil.net

config.status:1171: creating Makefile
config.status:1171: creating libpcre2-8.pc
config.status:1171: creating libpcre2-16.pc
config.status:1171: creating libpcre2-32.pc
config.status:1171: creating libpcre2-posix.pc
config.status:1171: creating pcre2-config
config.status:1171: creating src/pcre2.h
config.status:1171: creating src/config.h
config.status:1400: executing depfiles commands
config.status:1400: executing libtool commands
config.status:1400: executing script-chmod commands
config.status:1400: executing delete-old-chartables commands

## ---------------- ##
## Cache variables. ##
## ---------------- ##

ac_cv_build=x86_64-unknown-freebsd10.3
ac_cv_c_compiler_gnu=yes
ac_cv_c_const=yes
ac_cv_c_int64_t=yes
ac_cv_env_CC_set=''
ac_cv_env_CC_value=''
ac_cv_env_CFLAGS_set=''
ac_cv_env_CFLAGS_value=''
ac_cv_env_CPPFLAGS_set=''
ac_cv_env_CPPFLAGS_value=''
ac_cv_env_CPP_set=''
ac_cv_env_CPP_value=''
ac_cv_env_GENHTML_set=''
ac_cv_env_GENHTML_value=''
ac_cv_env_LCOV_set=''
ac_cv_env_LCOV_value=''
ac_cv_env_LDFLAGS_set=''
ac_cv_env_LDFLAGS_value=''
ac_cv_env_LIBS_set=''
ac_cv_env_LIBS_value=''
ac_cv_env_LT_SYS_LIBRARY_PATH_set=''
ac_cv_env_LT_SYS_LIBRARY_PATH_value=''
ac_cv_env_PKG_CONFIG_LIBDIR_set=''
ac_cv_env_PKG_CONFIG_LIBDIR_value=''
ac_cv_env_PKG_CONFIG_PATH_set=''
ac_cv_env_PKG_CONFIG_PATH_value=''
ac_cv_env_PKG_CONFIG_set=''
ac_cv_env_PKG_CONFIG_value=''
ac_cv_env_VALGRIND_CFLAGS_set=''
ac_cv_env_VALGRIND_CFLAGS_value=''
ac_cv_env_VALGRIND_LIBS_set=''
ac_cv_env_VALGRIND_LIBS_value=''
ac_cv_env_build_alias_set=''
ac_cv_env_build_alias_value=''
ac_cv_env_host_alias_set=''
ac_cv_env_host_alias_value=''
ac_cv_env_target_alias_set=''
ac_cv_env_target_alias_value=''
ac_cv_func_bcopy=yes
ac_cv_func_memmove=yes
ac_cv_func_strerror=yes
ac_cv_header_bzlib_h=yes
ac_cv_header_dirent_h=yes
ac_cv_header_dlfcn_h=yes
ac_cv_header_inttypes_h=yes
ac_cv_header_limits_h=yes
ac_cv_header_memory_h=yes
ac_cv_header_stdc=yes
ac_cv_header_stdint_h=yes
ac_cv_header_stdlib_h=yes
ac_cv_header_string_h=yes
ac_cv_header_strings_h=yes
ac_cv_header_sys_stat_h=yes
ac_cv_header_sys_types_h=yes
ac_cv_header_sys_wait_h=yes
ac_cv_header_unistd_h=yes
ac_cv_header_windows_h=no
ac_cv_header_zlib_h=yes
ac_cv_host=x86_64-unknown-freebsd10.3
ac_cv_lib_z_gzopen=yes
ac_cv_objext=o
ac_cv_path_EGREP='/usr/bin/grep -E'
ac_cv_path_FGREP='/usr/bin/grep -F'
ac_cv_path_GREP=/usr/bin/grep
ac_cv_path_SED=/usr/bin/sed
ac_cv_path_install='/usr/bin/install -c'
ac_cv_path_lt_DD=/bin/dd
ac_cv_path_mkdir=/usr/local/bin/gmkdir
ac_cv_prog_AWK=nawk
ac_cv_prog_CPP='gcc -E'
ac_cv_prog_ac_ct_AR=ar
ac_cv_prog_ac_ct_CC=gcc
ac_cv_prog_ac_ct_DLLTOOL=dlltool
ac_cv_prog_ac_ct_MANIFEST_TOOL=mt
ac_cv_prog_ac_ct_OBJDUMP=objdump
ac_cv_prog_ac_ct_RANLIB=ranlib
ac_cv_prog_ac_ct_STRIP=strip
ac_cv_prog_cc_c89=''
ac_cv_prog_cc_g=yes
ac_cv_prog_make_make_set=yes
ac_cv_type_size_t=yes
am_cv_CC_dependencies_compiler_type=gcc3
am_cv_ar_interface=ar
am_cv_make_support_nested_variables=yes
am_cv_prog_cc_c_o=yes
lt_cv_ar_at_file=no
lt_cv_deplibs_check_method=pass_all
lt_cv_file_magic_cmd='$MAGIC_CMD'
lt_cv_file_magic_test_file=''
lt_cv_ld_reload_flag=-r
lt_cv_nm_interface='BSD nm'
lt_cv_objdir=.libs
lt_cv_path_LD=/usr/local/bin/ld
lt_cv_path_NM='/usr/bin/nm -B'
lt_cv_path_mainfest_tool=no
lt_cv_prog_compiler_c_o=yes
lt_cv_prog_compiler_pic='-fPIC -DPIC'
lt_cv_prog_compiler_pic_works=yes
lt_cv_prog_compiler_rtti_exceptions=no
lt_cv_prog_compiler_static_works=yes
lt_cv_prog_gnu_ld=yes
lt_cv_sharedlib_from_linklib_cmd='printf %s\n'
lt_cv_sys_global_symbol_pipe='sed -n -e '\''s/^.*[	 ]\([ABCDGIRSTW][ABCDGIRSTW]*\)[	 ][	 ]*\([_A-Za-z][_A-Za-z0-9]*\)$/\1 \2 \2/p'\'' | sed '\''/ __gnu_lto/d'\'
lt_cv_sys_global_symbol_to_c_name_address='sed -n -e '\''s/^: \(.*\) .*$/  {"\1", (void *) 0},/p'\'' -e '\''s/^[ABCDGIRSTW][ABCDGIRSTW]* .* \(.*\)$/  {"\1", (void *) \&\1},/p'\'
lt_cv_sys_global_symbol_to_c_name_address_lib_prefix='sed -n -e '\''s/^: \(.*\) .*$/  {"\1", (void *) 0},/p'\'' -e '\''s/^[ABCDGIRSTW][ABCDGIRSTW]* .* \(lib.*\)$/  {"\1", (void *) \&\1},/p'\'' -e '\''s/^[ABCDGIRSTW][ABCDGIRSTW]* .* \(.*\)$/  {"lib\1", (void *) \&\1},/p'\'
lt_cv_sys_global_symbol_to_cdecl='sed -n -e '\''s/^T .* \(.*\)$/extern int \1();/p'\'' -e '\''s/^[ABCDGIRSTW][ABCDGIRSTW]* .* \(.*\)$/extern char \1;/p'\'
lt_cv_sys_global_symbol_to_import=''
lt_cv_sys_max_cmd_len=196608
lt_cv_to_host_file_cmd=func_convert_file_noop
lt_cv_to_tool_file_cmd=func_convert_file_noop
lt_cv_truncate_bin='/bin/dd bs=4096 count=1'
pcre2_cv_cc_vis_werror=yes
pcre2_cv_cc_visibility=yes

## ----------------- ##
## Output variables. ##
## ----------------- ##

ACLOCAL='${SHELL} /home/hashi101/node_modules/pcre2/deps/pcre2/missing aclocal-1.15'
AMDEPBACKSLASH='\'
AMDEP_FALSE='#'
AMDEP_TRUE=''
AMTAR='$${TAR-tar}'
AM_BACKSLASH='\'
AM_DEFAULT_V='$(AM_DEFAULT_VERBOSITY)'
AM_DEFAULT_VERBOSITY='0'
AM_V='$(V)'
AR='ar'
AS='as'
AUTOCONF='${SHELL} /home/hashi101/node_modules/pcre2/deps/pcre2/missing autoconf'
AUTOHEADER='${SHELL} /home/hashi101/node_modules/pcre2/deps/pcre2/missing autoheader'
AUTOMAKE='${SHELL} /home/hashi101/node_modules/pcre2/deps/pcre2/missing automake-1.15'
AWK='nawk'
CC='gcc'
CCDEPMODE='depmode=gcc3'
CFLAGS='-g -O2'
CPP='gcc -E'
CPPFLAGS=''
CYGPATH_W='echo'
DEFS='-DHAVE_CONFIG_H'
DEPDIR='.deps'
DISTCHECK_CONFIGURE_FLAGS='CFLAGS='\'''\'' CXXFLAGS='\'''\'' --enable-pcre2-16 --enable-pcre2-32 --enable-jit --enable-utf'
DLLTOOL='dlltool'
DSYMUTIL=''
DUMPBIN=''
ECHO_C=''
ECHO_N='-n'
ECHO_T=''
EGREP='/usr/bin/grep -E'
EXEEXT=''
EXTRA_LIBPCRE2_16_LDFLAGS='    -version-info 4:0:4'
EXTRA_LIBPCRE2_32_LDFLAGS='    -version-info 4:0:4'
EXTRA_LIBPCRE2_8_LDFLAGS='    -version-info 4:0:4'
EXTRA_LIBPCRE2_POSIX_LDFLAGS='    -version-info 1:0:0'
FGREP='/usr/bin/grep -F'
GCOV_CFLAGS=''
GCOV_CXXFLAGS=''
GCOV_LIBS=''
GENHTML=''
GREP='/usr/bin/grep'
HAVE_VISIBILITY='1'
INSTALL_DATA='${INSTALL} -m 644'
INSTALL_PROGRAM='${INSTALL}'
INSTALL_SCRIPT='${INSTALL}'
INSTALL_STRIP_PROGRAM='$(install_sh) -c -s'
LCOV=''
LD='/usr/local/bin/ld'
LDFLAGS=''
LIBBZ2=''
LIBOBJS=''
LIBREADLINE=''
LIBS=''
LIBTOOL='$(SHELL) $(top_builddir)/libtool'
LIBZ=''
LIPO=''
LN_S='ln -s'
LTLIBOBJS=''
LT_SYS_LIBRARY_PATH=''
MAKEINFO='${SHELL} /home/hashi101/node_modules/pcre2/deps/pcre2/missing makeinfo'
MANIFEST_TOOL=':'
MKDIR_P='/usr/local/bin/gmkdir -p'
NM='/usr/bin/nm -B'
NMEDIT=''
OBJDUMP='objdump'
OBJEXT='o'
OTOOL64=''
OTOOL=''
PACKAGE='pcre2'
PACKAGE_BUGREPORT=''
PACKAGE_NAME='PCRE2'
PACKAGE_STRING='PCRE2 10.22'
PACKAGE_TARNAME='pcre2'
PACKAGE_URL=''
PACKAGE_VERSION='10.22'
PATH_SEPARATOR=':'
PCRE2_DATE='2016-07-29'
PCRE2_MAJOR='10'
PCRE2_MINOR='22'
PCRE2_PRERELEASE=''
PCRE2_STATIC_CFLAG='-DPCRE2_STATIC'
PKG_CONFIG=''
PKG_CONFIG_LIBDIR=''
PKG_CONFIG_PATH=''
PTHREAD_CC=''
PTHREAD_CFLAGS=''
PTHREAD_LIBS=''
RANLIB='ranlib'
SED='/usr/bin/sed'
SET_MAKE=''
SHELL='/bin/sh'
SHTOOL=''
STRIP='strip'
VALGRIND_CFLAGS=''
VALGRIND_LIBS=''
VERSION='10.22'
VISIBILITY_CFLAGS='-fvisibility=hidden'
VISIBILITY_CXXFLAGS='-fvisibility=hidden -fvisibility-inlines-hidden'
WITH_DEBUG_FALSE=''
WITH_DEBUG_TRUE='#'
WITH_GCOV_FALSE=''
WITH_GCOV_TRUE='#'
WITH_JIT_FALSE=''
WITH_JIT_TRUE='#'
WITH_PCRE2_16_FALSE=''
WITH_PCRE2_16_TRUE='#'
WITH_PCRE2_32_FALSE=''
WITH_PCRE2_32_TRUE='#'
WITH_PCRE2_8_FALSE='#'
WITH_PCRE2_8_TRUE=''
WITH_REBUILD_CHARTABLES_FALSE=''
WITH_REBUILD_CHARTABLES_TRUE='#'
WITH_UNICODE_FALSE='#'
WITH_UNICODE_TRUE=''
WITH_VALGRIND_FALSE=''
WITH_VALGRIND_TRUE='#'
ac_ct_AR='ar'
ac_ct_CC='gcc'
ac_ct_DUMPBIN=''
am__EXEEXT_FALSE=''
am__EXEEXT_TRUE='#'
am__fastdepCC_FALSE='#'
am__fastdepCC_TRUE=''
am__include='include'
am__isrc=''
am__leading_dot='.'
am__nodep='_no'
am__quote=''
am__tar='$${TAR-tar} chof - "$$tardir"'
am__untar='$${TAR-tar} xf -'
ax_pthread_config=''
bindir='${exec_prefix}/bin'
build='x86_64-unknown-freebsd10.3'
build_alias=''
build_cpu='x86_64'
build_os='freebsd10.3'
build_vendor='unknown'
datadir='${datarootdir}'
datarootdir='${prefix}/share'
docdir='${datarootdir}/doc/${PACKAGE_TARNAME}'
dvidir='${docdir}'
enable_pcre2_16='no'
enable_pcre2_32='no'
enable_pcre2_8='yes'
exec_prefix='${prefix}'
host='x86_64-unknown-freebsd10.3'
host_alias=''
host_cpu='x86_64'
host_os='freebsd10.3'
host_vendor='unknown'
htmldir='${docdir}/html'
includedir='${prefix}/include'
infodir='${datarootdir}/info'
install_sh='${SHELL} /home/hashi101/node_modules/pcre2/deps/pcre2/install-sh'
libdir='${exec_prefix}/lib'
libexecdir='${exec_prefix}/libexec'
localedir='${datarootdir}/locale'
localstatedir='${prefix}/var'
mandir='${datarootdir}/man'
mkdir_p='$(MKDIR_P)'
oldincludedir='/usr/include'
pdfdir='${docdir}'
prefix='/home/hashi101/node_modules/pcre2/deps/pcre2/../../build_pcre2'
program_transform_name='s,x,x,'
psdir='${docdir}'
sbindir='${exec_prefix}/sbin'
sharedstatedir='${prefix}/com'
sysconfdir='${prefix}/etc'
target_alias=''

## ----------- ##
## confdefs.h. ##
## ----------- ##

/* confdefs.h */
#define PACKAGE_NAME "PCRE2"
#define PACKAGE_TARNAME "pcre2"
#define PACKAGE_VERSION "10.22"
#define PACKAGE_STRING "PCRE2 10.22"
#define PACKAGE_BUGREPORT ""
#define PACKAGE_URL ""
#define PACKAGE "pcre2"
#define VERSION "10.22"
#define STDC_HEADERS 1
#define HAVE_SYS_TYPES_H 1
#define HAVE_SYS_STAT_H 1
#define HAVE_STDLIB_H 1
#define HAVE_STRING_H 1
#define HAVE_MEMORY_H 1
#define HAVE_STRINGS_H 1
#define HAVE_INTTYPES_H 1
#define HAVE_STDINT_H 1
#define HAVE_UNISTD_H 1
#define HAVE_DLFCN_H 1
#define LT_OBJDIR ".libs/"
#define PCRE2_EXP_DECL extern __attribute__ ((visibility ("default")))
#define PCRE2_EXP_DEFN __attribute__ ((visibility ("default")))
#define PCRE2POSIX_EXP_DECL extern __attribute__ ((visibility ("default")))
#define PCRE2POSIX_EXP_DEFN extern __attribute__ ((visibility ("default")))
#define HAVE_VISIBILITY 1
#define STDC_HEADERS 1
#define HAVE_LIMITS_H 1
#define HAVE_SYS_TYPES_H 1
#define HAVE_SYS_STAT_H 1
#define HAVE_DIRENT_H 1
#define HAVE_SYS_WAIT_H 1
#define HAVE_BCOPY 1
#define HAVE_MEMMOVE 1
#define HAVE_STRERROR 1
#define HAVE_ZLIB_H 1
#define HAVE_BZLIB_H 1
#define PCRE2_STATIC 1
#define SUPPORT_PCRE2_8 /**/
#define SUPPORT_PCRE2GREP_CALLOUT /**/
#define SUPPORT_UNICODE /**/
#define HEAP_MATCH_RECURSE /**/
#define PCRE2GREP_BUFSIZE 20480
#define NEWLINE_DEFAULT 2
#define LINK_SIZE 2
#define PARENS_NEST_LIMIT 50000
#define MATCH_LIMIT 500000000
#define MATCH_LIMIT_RECURSION MATCH_LIMIT
#define MAX_NAME_SIZE 32
#define MAX_NAME_COUNT 10000

configure: exit 0
