0 info it worked if it ends with ok
1 verbose cli [ '/usr/home/hashi101/.nvm/versions/node/v6.9.1/bin/node',
1 verbose cli   '/home/hashi101/.nvm/versions/node/v6.9.1/bin/npm',
1 verbose cli   'install' ]
2 info using npm@3.10.8
3 info using node@v6.9.1
4 silly loadCurrentTree Starting
5 silly install loadCurrentTree
6 silly install readLocalPackageData
7 silly install normalizeTree
8 silly loadCurrentTree Finishing
9 silly loadIdealTree Starting
10 silly install loadIdealTree
11 silly cloneCurrentTree Starting
12 silly install cloneCurrentTreeToIdealTree
13 silly cloneCurrentTree Finishing
14 silly loadShrinkwrap Starting
15 silly install loadShrinkwrap
16 silly loadShrinkwrap Finishing
17 silly loadAllDepsIntoIdealTree Starting
18 silly install loadAllDepsIntoIdealTree
19 silly loadAllDepsIntoIdealTree Finishing
20 silly loadIdealTree Finishing
21 silly currentTree pcre@0.0.6
21 silly currentTree ├── bindings@1.2.1
21 silly currentTree └── nan@2.4.0
22 silly idealTree pcre@0.0.6
22 silly idealTree ├── bindings@1.2.1
22 silly idealTree └── nan@2.4.0
23 silly generateActionsToTake Starting
24 silly install generateActionsToTake
25 silly generateActionsToTake Finishing
26 silly diffTrees action count 0
27 silly decomposeActions action count 0
28 silly runTopLevelLifecycles Starting
29 silly install runPreinstallTopLevelLifecycles
30 silly preinstall pcre@0.0.6 /usr/home/hashi101/node_modules/pcre2/pcre-95d4032f
31 info lifecycle pcre@0.0.6~preinstall: pcre@0.0.6
32 silly lifecycle pcre@0.0.6~preinstall: no script for preinstall, continuing
33 silly executeActions Starting
34 silly install executeActions
35 silly doSerial global-install 0
36 silly doParallel fetch 0
37 verbose correctMkdir /home/hashi101/.npm/_locks correctMkdir not in flight; initializing
38 verbose lock using /home/hashi101/.npm/_locks/staging-391de0e54cd8f462.lock for /usr/home/hashi101/node_modules/pcre2/node_modules/.staging
39 silly doParallel extract 0
40 silly doParallel preinstall 0
41 silly doReverseSerial remove 0
42 silly doSerial move 0
43 silly doSerial finalize 0
44 silly doSerial build 0
45 silly doSerial global-link 0
46 silly doParallel update-linked 0
47 silly doSerial install 0
48 silly doSerial postinstall 0
49 verbose unlock done using /home/hashi101/.npm/_locks/staging-391de0e54cd8f462.lock for /usr/home/hashi101/node_modules/pcre2/node_modules/.staging
50 silly executeActions Finishing
51 silly rollbackFailedOptional Starting
52 silly rollbackFailedOptional Finishing
53 silly install runPostinstallTopLevelLifecycles
54 silly build pcre@0.0.6
55 info linkStuff pcre@0.0.6
56 silly linkStuff pcre@0.0.6 has /usr/home/hashi101/node_modules as its parent node_modules
57 verbose linkBins pcre@0.0.6
58 verbose linkMans pcre@0.0.6
59 silly install pcre@0.0.6 /usr/home/hashi101/node_modules/pcre2/pcre-95d4032f
60 info lifecycle pcre@0.0.6~install: pcre@0.0.6
61 verbose lifecycle pcre@0.0.6~install: unsafe-perm in lifecycle true
62 verbose lifecycle pcre@0.0.6~install: PATH: /usr/home/hashi101/.nvm/versions/node/v6.9.1/lib/node_modules/npm/bin/node-gyp-bin:/usr/home/hashi101/node_modules/pcre2/node_modules/.bin:/usr/home/hashi101/node_modules/.bin:/usr/home/hashi101/.nvm/versions/node/v6.9.1/bin:/home/hashi101/.nvm/versions/node/v6.9.1/bin:/usr/local/devil/bin:/sbin:/bin:/usr/sbin:/usr/bin:/usr/games:/usr/local/sbin:/usr/local/bin:/usr/X11R6/bin:/home/hashi101/bin
63 verbose lifecycle pcre@0.0.6~install: CWD: /usr/home/hashi101/node_modules/pcre2
64 silly lifecycle pcre@0.0.6~install: Args: [ '-c', 'node-gyp rebuild' ]
65 silly lifecycle pcre@0.0.6~install: Returned: code: 1  signal: null
66 info lifecycle pcre@0.0.6~install: Failed to exec install script
67 warn pcre@0.0.6 No license field.
68 verbose If you need help, you may report this error at:
68 verbose     <https://github.com/npm/npm/issues>
69 verbose stack Error: pcre@0.0.6 install: `node-gyp rebuild`
69 verbose stack Exit status 1
69 verbose stack     at EventEmitter.<anonymous> (/usr/home/hashi101/.nvm/versions/node/v6.9.1/lib/node_modules/npm/lib/utils/lifecycle.js:255:16)
69 verbose stack     at emitTwo (events.js:106:13)
69 verbose stack     at EventEmitter.emit (events.js:191:7)
69 verbose stack     at ChildProcess.<anonymous> (/usr/home/hashi101/.nvm/versions/node/v6.9.1/lib/node_modules/npm/lib/utils/spawn.js:40:14)
69 verbose stack     at emitTwo (events.js:106:13)
69 verbose stack     at ChildProcess.emit (events.js:191:7)
69 verbose stack     at maybeClose (internal/child_process.js:877:16)
69 verbose stack     at Process.ChildProcess._handle.onexit (internal/child_process.js:226:5)
70 verbose pkgid pcre@0.0.6
71 verbose cwd /usr/home/hashi101/node_modules/pcre2/deps/pcre2
72 error FreeBSD 10.3-STABLE
73 error argv "/usr/home/hashi101/.nvm/versions/node/v6.9.1/bin/node" "/home/hashi101/.nvm/versions/node/v6.9.1/bin/npm" "install"
74 error node v6.9.1
75 error npm  v3.10.8
76 error code ELIFECYCLE
77 error pcre@0.0.6 install: `node-gyp rebuild`
77 error Exit status 1
78 error Failed at the pcre@0.0.6 install script 'node-gyp rebuild'.
78 error Make sure you have the latest version of node.js and npm installed.
78 error If you do, this is most likely a problem with the pcre package,
78 error not with npm itself.
78 error Tell the author that this fails on your system:
78 error     node-gyp rebuild
78 error You can get information on how to open an issue for this project with:
78 error     npm bugs pcre
78 error Or if that isn't available, you can get their info via:
78 error     npm owner ls pcre
78 error There is likely additional logging output above.
79 verbose exit [ 1, true ]
